mode: set
github.com/niuulabs/volundr/cli/internal/remote/config.go:31.30,36.2 1 1
github.com/niuulabs/volundr/cli/internal/remote/config.go:39.34,41.16 2 1
github.com/niuulabs/volundr/cli/internal/remote/config.go:41.16,43.3 1 0
github.com/niuulabs/volundr/cli/internal/remote/config.go:44.2,44.55 1 1
github.com/niuulabs/volundr/cli/internal/remote/config.go:48.35,50.16 2 1
github.com/niuulabs/volundr/cli/internal/remote/config.go:50.16,52.3 1 0
github.com/niuulabs/volundr/cli/internal/remote/config.go:53.2,53.47 1 1
github.com/niuulabs/volundr/cli/internal/remote/config.go:69.30,71.16 2 1
github.com/niuulabs/volundr/cli/internal/remote/config.go:71.16,73.3 1 0
github.com/niuulabs/volundr/cli/internal/remote/config.go:75.2,76.16 2 1
github.com/niuulabs/volundr/cli/internal/remote/config.go:76.16,77.25 1 1
github.com/niuulabs/volundr/cli/internal/remote/config.go:77.25,79.4 1 1
github.com/niuulabs/volundr/cli/internal/remote/config.go:80.3,80.52 1 0
github.com/niuulabs/volundr/cli/internal/remote/config.go:84.2,85.51 2 1
github.com/niuulabs/volundr/cli/internal/remote/config.go:85.51,87.3 1 1
github.com/niuulabs/volundr/cli/internal/remote/config.go:90.2,90.46 1 1
github.com/niuulabs/volundr/cli/internal/remote/config.go:90.46,92.3 1 1
github.com/niuulabs/volundr/cli/internal/remote/config.go:94.2,95.50 2 1
github.com/niuulabs/volundr/cli/internal/remote/config.go:95.50,97.3 1 0
github.com/niuulabs/volundr/cli/internal/remote/config.go:100.2,100.25 1 1
github.com/niuulabs/volundr/cli/internal/remote/config.go:100.25,102.3 1 0
github.com/niuulabs/volundr/cli/internal/remote/config.go:104.2,104.17 1 1
github.com/niuulabs/volundr/cli/internal/remote/config.go:108.54,110.54 2 1
github.com/niuulabs/volundr/cli/internal/remote/config.go:110.54,112.3 1 0
github.com/niuulabs/volundr/cli/internal/remote/config.go:114.2,115.17 2 1
github.com/niuulabs/volundr/cli/internal/remote/config.go:115.17,117.3 1 1
github.com/niuulabs/volundr/cli/internal/remote/config.go:119.2,135.17 4 1
github.com/niuulabs/volundr/cli/internal/remote/config.go:139.31,141.16 2 1
github.com/niuulabs/volundr/cli/internal/remote/config.go:141.16,143.3 1 0
github.com/niuulabs/volundr/cli/internal/remote/config.go:145.2,146.48 2 1
github.com/niuulabs/volundr/cli/internal/remote/config.go:146.48,148.3 1 0
github.com/niuulabs/volundr/cli/internal/remote/config.go:150.2,151.16 2 1
github.com/niuulabs/volundr/cli/internal/remote/config.go:151.16,153.3 1 0
github.com/niuulabs/volundr/cli/internal/remote/config.go:155.2,155.56 1 1
github.com/niuulabs/volundr/cli/internal/remote/config.go:155.56,157.3 1 0
github.com/niuulabs/volundr/cli/internal/remote/config.go:159.2,159.12 1 1
github.com/niuulabs/volundr/cli/internal/remote/config.go:164.61,165.42 1 1
github.com/niuulabs/volundr/cli/internal/remote/config.go:165.42,167.3 1 1
github.com/niuulabs/volundr/cli/internal/remote/config.go:168.2,169.12 2 1
github.com/niuulabs/volundr/cli/internal/remote/config.go:174.50,175.43 1 1
github.com/niuulabs/volundr/cli/internal/remote/config.go:175.43,177.3 1 1
github.com/niuulabs/volundr/cli/internal/remote/config.go:178.2,179.12 2 1
github.com/niuulabs/volundr/cli/internal/remote/config.go:184.61,186.13 2 1
github.com/niuulabs/volundr/cli/internal/remote/config.go:186.13,188.3 1 1
github.com/niuulabs/volundr/cli/internal/remote/config.go:189.2,189.45 1 1
github.com/niuulabs/volundr/cli/internal/remote/config.go:189.45,191.3 1 1
github.com/niuulabs/volundr/cli/internal/remote/config.go:192.2,195.12 4 1
github.com/niuulabs/volundr/cli/internal/remote/config.go:199.50,201.2 1 1
github.com/niuulabs/volundr/cli/internal/remote/config.go:204.48,206.13 2 1
github.com/niuulabs/volundr/cli/internal/remote/config.go:206.13,208.3 1 1
github.com/niuulabs/volundr/cli/internal/remote/config.go:209.2,212.12 4 1
github.com/niuulabs/volundr/cli/internal/remote/config.go:218.71,219.15 1 1
github.com/niuulabs/volundr/cli/internal/remote/config.go:219.15,221.17 2 1
github.com/niuulabs/volundr/cli/internal/remote/config.go:221.17,223.4 1 1
github.com/niuulabs/volundr/cli/internal/remote/config.go:224.3,224.23 1 1
github.com/niuulabs/volundr/cli/internal/remote/config.go:227.2,227.26 1 1
github.com/niuulabs/volundr/cli/internal/remote/config.go:227.26,229.3 1 1
github.com/niuulabs/volundr/cli/internal/remote/config.go:231.2,231.26 1 1
github.com/niuulabs/volundr/cli/internal/remote/config.go:231.26,232.34 1 1
github.com/niuulabs/volundr/cli/internal/remote/config.go:232.34,234.4 1 1
github.com/niuulabs/volundr/cli/internal/remote/config.go:237.2,237.138 1 1
github.com/niuulabs/volundr/cli/internal/remote/config.go:241.36,243.28 2 1
github.com/niuulabs/volundr/cli/internal/remote/config.go:243.28,245.3 1 1
github.com/niuulabs/volundr/cli/internal/remote/config.go:246.2,247.25 2 1
github.com/niuulabs/volundr/cli/internal/remote/config.go:247.25,248.12 1 1
github.com/niuulabs/volundr/cli/internal/remote/config.go:248.12,250.4 1 1
github.com/niuulabs/volundr/cli/internal/remote/config.go:251.3,251.14 1 1
github.com/niuulabs/volundr/cli/internal/remote/config.go:253.2,253.15 1 1
github.com/niuulabs/volundr/cli/cmd/volundr/main.go:11.13,12.38 1 0
github.com/niuulabs/volundr/cli/cmd/volundr/main.go:12.38,15.3 2 0
github.com/niuulabs/volundr/cli/internal/api/client.go:28.47,36.2 1 1
github.com/niuulabs/volundr/cli/internal/api/client.go:41.77,50.2 1 1
github.com/niuulabs/volundr/cli/internal/api/client.go:54.100,64.2 1 1
github.com/niuulabs/volundr/cli/internal/api/client.go:67.35,69.2 1 1
github.com/niuulabs/volundr/cli/internal/api/client.go:72.33,75.2 2 1
github.com/niuulabs/volundr/cli/internal/api/client.go:79.37,80.73 1 1
github.com/niuulabs/volundr/cli/internal/api/client.go:80.73,82.3 1 1
github.com/niuulabs/volundr/cli/internal/api/client.go:83.2,84.16 2 1
github.com/niuulabs/volundr/cli/internal/api/client.go:84.16,86.3 1 1
github.com/niuulabs/volundr/cli/internal/api/client.go:88.2,88.41 1 1
github.com/niuulabs/volundr/cli/internal/api/client.go:88.41,90.3 1 1
github.com/niuulabs/volundr/cli/internal/api/client.go:92.2,92.48 1 1
github.com/niuulabs/volundr/cli/internal/api/client.go:92.48,94.3 1 1
github.com/niuulabs/volundr/cli/internal/api/client.go:96.2,98.16 3 0
github.com/niuulabs/volundr/cli/internal/api/client.go:98.16,100.3 1 0
github.com/niuulabs/volundr/cli/internal/api/client.go:102.2,104.30 3 0
github.com/niuulabs/volundr/cli/internal/api/client.go:104.30,106.3 1 0
github.com/niuulabs/volundr/cli/internal/api/client.go:107.2,107.25 1 0
github.com/niuulabs/volundr/cli/internal/api/client.go:107.25,109.3 1 0
github.com/niuulabs/volundr/cli/internal/api/client.go:111.2,111.18 1 0
github.com/niuulabs/volundr/cli/internal/api/client.go:111.18,113.3 1 0
github.com/niuulabs/volundr/cli/internal/api/client.go:290.76,294.17 3 1
github.com/niuulabs/volundr/cli/internal/api/client.go:294.17,296.17 2 1
github.com/niuulabs/volundr/cli/internal/api/client.go:296.17,298.4 1 0
github.com/niuulabs/volundr/cli/internal/api/client.go:299.3,299.37 1 1
github.com/niuulabs/volundr/cli/internal/api/client.go:302.2,304.16 3 1
github.com/niuulabs/volundr/cli/internal/api/client.go:304.16,306.3 1 0
github.com/niuulabs/volundr/cli/internal/api/client.go:308.2,309.19 2 1
github.com/niuulabs/volundr/cli/internal/api/client.go:309.19,311.3 1 1
github.com/niuulabs/volundr/cli/internal/api/client.go:313.2,314.16 2 1
github.com/niuulabs/volundr/cli/internal/api/client.go:314.16,316.3 1 1
github.com/niuulabs/volundr/cli/internal/api/client.go:318.2,318.18 1 1
github.com/niuulabs/volundr/cli/internal/api/client.go:322.60,324.15 2 1
github.com/niuulabs/volundr/cli/internal/api/client.go:324.15,324.40 1 1
github.com/niuulabs/volundr/cli/internal/api/client.go:326.2,326.28 1 1
github.com/niuulabs/volundr/cli/internal/api/client.go:326.28,329.3 2 1
github.com/niuulabs/volundr/cli/internal/api/client.go:332.2,333.47 2 1
github.com/niuulabs/volundr/cli/internal/api/client.go:333.47,336.25 3 1
github.com/niuulabs/volundr/cli/internal/api/client.go:336.25,338.4 1 1
github.com/niuulabs/volundr/cli/internal/api/client.go:339.3,339.87 1 1
github.com/niuulabs/volundr/cli/internal/api/client.go:342.2,342.67 1 1
github.com/niuulabs/volundr/cli/internal/api/client.go:342.67,344.3 1 0
github.com/niuulabs/volundr/cli/internal/api/client.go:346.2,346.20 1 1
github.com/niuulabs/volundr/cli/internal/api/client.go:350.52,352.16 2 1
github.com/niuulabs/volundr/cli/internal/api/client.go:352.16,354.3 1 0
github.com/niuulabs/volundr/cli/internal/api/client.go:355.2,355.40 1 1
github.com/niuulabs/volundr/cli/internal/api/client.go:359.58,361.16 2 1
github.com/niuulabs/volundr/cli/internal/api/client.go:361.16,363.3 1 0
github.com/niuulabs/volundr/cli/internal/api/client.go:364.2,364.41 1 1
github.com/niuulabs/volundr/cli/internal/api/client.go:368.72,370.16 2 1
github.com/niuulabs/volundr/cli/internal/api/client.go:370.16,372.3 1 0
github.com/niuulabs/volundr/cli/internal/api/client.go:373.2,373.41 1 1
github.com/niuulabs/volundr/cli/internal/api/client.go:377.48,379.16 2 1
github.com/niuulabs/volundr/cli/internal/api/client.go:379.16,381.3 1 0
github.com/niuulabs/volundr/cli/internal/api/client.go:382.2,382.15 1 1
github.com/niuulabs/volundr/cli/internal/api/client.go:382.15,382.40 1 1
github.com/niuulabs/volundr/cli/internal/api/client.go:383.2,383.28 1 1
github.com/niuulabs/volundr/cli/internal/api/client.go:383.28,386.3 2 1
github.com/niuulabs/volundr/cli/internal/api/client.go:387.2,387.12 1 1
github.com/niuulabs/volundr/cli/internal/api/client.go:391.47,393.16 2 1
github.com/niuulabs/volundr/cli/internal/api/client.go:393.16,395.3 1 0
github.com/niuulabs/volundr/cli/internal/api/client.go:396.2,396.15 1 1
github.com/niuulabs/volundr/cli/internal/api/client.go:396.15,396.40 1 1
github.com/niuulabs/volundr/cli/internal/api/client.go:397.2,397.28 1 1
github.com/niuulabs/volundr/cli/internal/api/client.go:397.28,400.3 2 1
github.com/niuulabs/volundr/cli/internal/api/client.go:401.2,401.12 1 1
github.com/niuulabs/volundr/cli/internal/api/client.go:405.49,407.16 2 1
github.com/niuulabs/volundr/cli/internal/api/client.go:407.16,409.3 1 0
github.com/niuulabs/volundr/cli/internal/api/client.go:410.2,410.15 1 1
github.com/niuulabs/volundr/cli/internal/api/client.go:410.15,410.40 1 1
github.com/niuulabs/volundr/cli/internal/api/client.go:411.2,411.28 1 1
github.com/niuulabs/volundr/cli/internal/api/client.go:411.28,414.3 2 1
github.com/niuulabs/volundr/cli/internal/api/client.go:415.2,415.12 1 1
github.com/niuulabs/volundr/cli/internal/api/client.go:419.56,421.16 2 1
github.com/niuulabs/volundr/cli/internal/api/client.go:421.16,423.3 1 0
github.com/niuulabs/volundr/cli/internal/api/client.go:424.2,424.42 1 1
github.com/niuulabs/volundr/cli/internal/api/client.go:428.75,430.16 2 1
github.com/niuulabs/volundr/cli/internal/api/client.go:430.16,432.3 1 0
github.com/niuulabs/volundr/cli/internal/api/client.go:433.2,433.50 1 1
github.com/niuulabs/volundr/cli/internal/api/client.go:437.52,439.16 2 1
github.com/niuulabs/volundr/cli/internal/api/client.go:439.16,441.3 1 0
github.com/niuulabs/volundr/cli/internal/api/client.go:442.2,442.42 1 1
github.com/niuulabs/volundr/cli/internal/api/client.go:446.53,448.16 2 1
github.com/niuulabs/volundr/cli/internal/api/client.go:448.16,450.3 1 0
github.com/niuulabs/volundr/cli/internal/api/client.go:451.2,451.47 1 1
github.com/niuulabs/volundr/cli/internal/api/client.go:455.64,457.16 2 1
github.com/niuulabs/volundr/cli/internal/api/client.go:457.16,459.3 1 1
github.com/niuulabs/volundr/cli/internal/api/client.go:460.2,460.21 1 1
github.com/niuulabs/volundr/cli/internal/api/client.go:464.48,466.16 2 1
github.com/niuulabs/volundr/cli/internal/api/client.go:466.16,468.3 1 0
github.com/niuulabs/volundr/cli/internal/api/client.go:469.2,469.45 1 1
github.com/niuulabs/volundr/cli/internal/api/client.go:473.50,475.16 2 1
github.com/niuulabs/volundr/cli/internal/api/client.go:475.16,477.3 1 0
github.com/niuulabs/volundr/cli/internal/api/client.go:478.2,478.41 1 1
github.com/niuulabs/volundr/cli/internal/api/client.go:482.50,484.16 2 1
github.com/niuulabs/volundr/cli/internal/api/client.go:484.16,486.3 1 0
github.com/niuulabs/volundr/cli/internal/api/client.go:487.2,487.39 1 1
github.com/niuulabs/volundr/cli/internal/api/client.go:491.78,493.16 2 1
github.com/niuulabs/volundr/cli/internal/api/client.go:493.16,495.3 1 0
github.com/niuulabs/volundr/cli/internal/api/client.go:496.2,496.56 1 1
github.com/niuulabs/volundr/cli/internal/api/client.go:500.70,502.16 2 1
github.com/niuulabs/volundr/cli/internal/api/client.go:502.16,504.3 1 0
github.com/niuulabs/volundr/cli/internal/api/client.go:505.2,505.54 1 1
github.com/niuulabs/volundr/cli/internal/api/client.go:509.61,511.16 2 1
github.com/niuulabs/volundr/cli/internal/api/client.go:511.16,513.3 1 0
github.com/niuulabs/volundr/cli/internal/api/client.go:514.2,514.15 1 1
github.com/niuulabs/volundr/cli/internal/api/client.go:514.15,514.40 1 1
github.com/niuulabs/volundr/cli/internal/api/client.go:515.2,515.28 1 1
github.com/niuulabs/volundr/cli/internal/api/client.go:515.28,518.3 2 1
github.com/niuulabs/volundr/cli/internal/api/client.go:519.2,519.12 1 1
github.com/niuulabs/volundr/cli/internal/api/client.go:523.66,525.16 2 1
github.com/niuulabs/volundr/cli/internal/api/client.go:525.16,527.3 1 0
github.com/niuulabs/volundr/cli/internal/api/client.go:528.2,528.47 1 1
github.com/niuulabs/volundr/cli/internal/api/client.go:532.31,534.16 2 1
github.com/niuulabs/volundr/cli/internal/api/client.go:534.16,536.3 1 1
github.com/niuulabs/volundr/cli/internal/api/client.go:537.2,537.15 1 1
github.com/niuulabs/volundr/cli/internal/api/client.go:537.15,537.40 1 1
github.com/niuulabs/volundr/cli/internal/api/client.go:538.2,538.28 1 1
github.com/niuulabs/volundr/cli/internal/api/client.go:538.28,540.3 1 1
github.com/niuulabs/volundr/cli/internal/api/client.go:541.2,541.12 1 1
github.com/niuulabs/volundr/cli/internal/api/client.go:554.66,557.16 3 1
github.com/niuulabs/volundr/cli/internal/api/client.go:557.16,559.3 1 0
github.com/niuulabs/volundr/cli/internal/api/client.go:561.2,564.16 3 1
github.com/niuulabs/volundr/cli/internal/api/client.go:564.16,566.3 1 0
github.com/niuulabs/volundr/cli/internal/api/client.go:568.2,568.55 1 1
github.com/niuulabs/volundr/cli/internal/api/session_pod.go:23.72,31.2 1 1
github.com/niuulabs/volundr/cli/internal/api/session_pod.go:93.76,95.2 1 1
github.com/niuulabs/volundr/cli/internal/api/session_pod.go:98.94,102.17 3 1
github.com/niuulabs/volundr/cli/internal/api/session_pod.go:102.17,104.17 2 1
github.com/niuulabs/volundr/cli/internal/api/session_pod.go:104.17,106.4 1 0
github.com/niuulabs/volundr/cli/internal/api/session_pod.go:107.3,107.37 1 1
github.com/niuulabs/volundr/cli/internal/api/session_pod.go:110.2,111.16 2 1
github.com/niuulabs/volundr/cli/internal/api/session_pod.go:111.16,113.3 1 0
github.com/niuulabs/volundr/cli/internal/api/session_pod.go:115.2,116.19 2 1
github.com/niuulabs/volundr/cli/internal/api/session_pod.go:116.19,118.3 1 1
github.com/niuulabs/volundr/cli/internal/api/session_pod.go:120.2,121.16 2 1
github.com/niuulabs/volundr/cli/internal/api/session_pod.go:121.16,123.3 1 0
github.com/niuulabs/volundr/cli/internal/api/session_pod.go:125.2,125.18 1 1
github.com/niuulabs/volundr/cli/internal/api/session_pod.go:129.79,131.16 2 1
github.com/niuulabs/volundr/cli/internal/api/session_pod.go:131.16,133.3 1 1
github.com/niuulabs/volundr/cli/internal/api/session_pod.go:135.2,136.16 2 1
github.com/niuulabs/volundr/cli/internal/api/session_pod.go:136.16,138.3 1 0
github.com/niuulabs/volundr/cli/internal/api/session_pod.go:139.2,139.15 1 1
github.com/niuulabs/volundr/cli/internal/api/session_pod.go:139.15,139.40 1 1
github.com/niuulabs/volundr/cli/internal/api/session_pod.go:141.2,141.28 1 1
github.com/niuulabs/volundr/cli/internal/api/session_pod.go:141.28,144.3 2 1
github.com/niuulabs/volundr/cli/internal/api/session_pod.go:146.2,147.67 2 1
github.com/niuulabs/volundr/cli/internal/api/session_pod.go:147.67,149.3 1 1
github.com/niuulabs/volundr/cli/internal/api/session_pod.go:150.2,150.26 1 1
github.com/niuulabs/volundr/cli/internal/api/session_pod.go:155.79,159.16 3 1
github.com/niuulabs/volundr/cli/internal/api/session_pod.go:159.16,161.3 1 0
github.com/niuulabs/volundr/cli/internal/api/session_pod.go:162.2,162.15 1 1
github.com/niuulabs/volundr/cli/internal/api/session_pod.go:162.15,162.40 1 1
github.com/niuulabs/volundr/cli/internal/api/session_pod.go:164.2,164.28 1 1
github.com/niuulabs/volundr/cli/internal/api/session_pod.go:164.28,167.3 2 1
github.com/niuulabs/volundr/cli/internal/api/session_pod.go:169.2,170.67 2 1
github.com/niuulabs/volundr/cli/internal/api/session_pod.go:170.67,172.3 1 1
github.com/niuulabs/volundr/cli/internal/api/session_pod.go:173.2,173.40 1 1
github.com/niuulabs/volundr/cli/internal/api/session_pod.go:177.51,178.26 1 1
github.com/niuulabs/volundr/cli/internal/api/session_pod.go:178.26,180.3 1 1
github.com/niuulabs/volundr/cli/internal/api/session_pod.go:182.2,183.34 2 1
github.com/niuulabs/volundr/cli/internal/api/session_pod.go:183.34,186.35 2 1
github.com/niuulabs/volundr/cli/internal/api/session_pod.go:186.35,187.21 1 1
github.com/niuulabs/volundr/cli/internal/api/session_pod.go:188.15,189.45 1 1
github.com/niuulabs/volundr/cli/internal/api/session_pod.go:190.18,191.45 1 1
github.com/niuulabs/volundr/cli/internal/api/session_pod.go:192.12,193.45 1 1
github.com/niuulabs/volundr/cli/internal/api/session_pod.go:197.2,197.19 1 1
github.com/niuulabs/volundr/cli/internal/api/session_pod.go:201.81,203.16 2 1
github.com/niuulabs/volundr/cli/internal/api/session_pod.go:203.16,205.3 1 0
github.com/niuulabs/volundr/cli/internal/api/session_pod.go:206.2,206.15 1 1
github.com/niuulabs/volundr/cli/internal/api/session_pod.go:206.15,206.40 1 1
github.com/niuulabs/volundr/cli/internal/api/session_pod.go:208.2,208.28 1 1
github.com/niuulabs/volundr/cli/internal/api/session_pod.go:208.28,211.3 2 1
github.com/niuulabs/volundr/cli/internal/api/session_pod.go:213.2,214.67 2 1
github.com/niuulabs/volundr/cli/internal/api/session_pod.go:214.67,216.3 1 1
github.com/niuulabs/volundr/cli/internal/api/session_pod.go:217.2,217.26 1 1
github.com/niuulabs/volundr/cli/internal/api/session_pod.go:221.75,223.19 2 1
github.com/niuulabs/volundr/cli/internal/api/session_pod.go:223.19,225.3 1 1
github.com/niuulabs/volundr/cli/internal/api/session_pod.go:227.2,228.16 2 1
github.com/niuulabs/volundr/cli/internal/api/session_pod.go:228.16,230.3 1 0
github.com/niuulabs/volundr/cli/internal/api/session_pod.go:231.2,231.15 1 1
github.com/niuulabs/volundr/cli/internal/api/session_pod.go:231.15,231.40 1 1
github.com/niuulabs/volundr/cli/internal/api/session_pod.go:233.2,233.28 1 1
github.com/niuulabs/volundr/cli/internal/api/session_pod.go:233.28,236.3 2 1
github.com/niuulabs/volundr/cli/internal/api/session_pod.go:238.2,239.67 2 1
github.com/niuulabs/volundr/cli/internal/api/session_pod.go:239.67,241.3 1 1
github.com/niuulabs/volundr/cli/internal/api/session_pod.go:242.2,242.20 1 1
github.com/niuulabs/volundr/cli/internal/api/session_pod.go:269.71,271.16 2 1
github.com/niuulabs/volundr/cli/internal/api/session_pod.go:271.16,273.3 1 0
github.com/niuulabs/volundr/cli/internal/api/session_pod.go:274.2,274.15 1 1
github.com/niuulabs/volundr/cli/internal/api/session_pod.go:274.15,274.40 1 1
github.com/niuulabs/volundr/cli/internal/api/session_pod.go:276.2,276.28 1 1
github.com/niuulabs/volundr/cli/internal/api/session_pod.go:276.28,279.3 2 1
github.com/niuulabs/volundr/cli/internal/api/session_pod.go:281.2,282.67 2 1
github.com/niuulabs/volundr/cli/internal/api/session_pod.go:282.67,284.3 1 1
github.com/niuulabs/volundr/cli/internal/api/session_pod.go:285.2,285.21 1 1
github.com/niuulabs/volundr/cli/internal/api/session_pod.go:289.95,291.16 2 1
github.com/niuulabs/volundr/cli/internal/api/session_pod.go:291.16,293.3 1 0
github.com/niuulabs/volundr/cli/internal/api/session_pod.go:294.2,294.15 1 1
github.com/niuulabs/volundr/cli/internal/api/session_pod.go:294.15,294.40 1 1
github.com/niuulabs/volundr/cli/internal/api/session_pod.go:296.2,296.28 1 1
github.com/niuulabs/volundr/cli/internal/api/session_pod.go:296.28,299.3 2 1
github.com/niuulabs/volundr/cli/internal/api/session_pod.go:301.2,302.67 2 1
github.com/niuulabs/volundr/cli/internal/api/session_pod.go:302.67,304.3 1 1
github.com/niuulabs/volundr/cli/internal/api/session_pod.go:305.2,305.21 1 1
github.com/niuulabs/volundr/cli/internal/api/session_pod.go:309.68,312.16 3 1
github.com/niuulabs/volundr/cli/internal/api/session_pod.go:312.16,314.3 1 0
github.com/niuulabs/volundr/cli/internal/api/session_pod.go:315.2,315.15 1 1
github.com/niuulabs/volundr/cli/internal/api/session_pod.go:315.15,315.40 1 1
github.com/niuulabs/volundr/cli/internal/api/session_pod.go:317.2,317.28 1 1
github.com/niuulabs/volundr/cli/internal/api/session_pod.go:317.28,320.3 2 1
github.com/niuulabs/volundr/cli/internal/api/session_pod.go:321.2,321.12 1 1
github.com/niuulabs/volundr/cli/internal/api/session_pod.go:326.62,331.2 4 1
github.com/niuulabs/volundr/cli/internal/api/session_pod.go:335.51,337.2 1 1
github.com/niuulabs/volundr/cli/internal/api/sse.go:34.53,41.2 1 1
github.com/niuulabs/volundr/cli/internal/api/sse.go:44.48,47.16 3 1
github.com/niuulabs/volundr/cli/internal/api/sse.go:47.16,49.3 1 0
github.com/niuulabs/volundr/cli/internal/api/sse.go:51.2,53.19 3 1
github.com/niuulabs/volundr/cli/internal/api/sse.go:53.19,55.3 1 1
github.com/niuulabs/volundr/cli/internal/api/sse.go:57.2,58.16 2 1
github.com/niuulabs/volundr/cli/internal/api/sse.go:58.16,60.3 1 0
github.com/niuulabs/volundr/cli/internal/api/sse.go:62.2,62.38 1 1
github.com/niuulabs/volundr/cli/internal/api/sse.go:62.38,65.3 2 1
github.com/niuulabs/volundr/cli/internal/api/sse.go:67.2,69.12 2 1
github.com/niuulabs/volundr/cli/internal/api/sse.go:73.29,77.9 3 1
github.com/niuulabs/volundr/cli/internal/api/sse.go:78.18,78.18 0 1
github.com/niuulabs/volundr/cli/internal/api/sse.go:80.10,81.18 1 1
github.com/niuulabs/volundr/cli/internal/api/sse.go:86.51,87.15 1 1
github.com/niuulabs/volundr/cli/internal/api/sse.go:87.15,87.40 1 1
github.com/niuulabs/volundr/cli/internal/api/sse.go:89.2,92.21 3 1
github.com/niuulabs/volundr/cli/internal/api/sse.go:92.21,93.10 1 1
github.com/niuulabs/volundr/cli/internal/api/sse.go:94.19,95.10 1 0
github.com/niuulabs/volundr/cli/internal/api/sse.go:96.11,96.11 0 1
github.com/niuulabs/volundr/cli/internal/api/sse.go:99.3,102.17 2 1
github.com/niuulabs/volundr/cli/internal/api/sse.go:102.17,103.24 1 1
github.com/niuulabs/volundr/cli/internal/api/sse.go:103.24,104.25 1 1
github.com/niuulabs/volundr/cli/internal/api/sse.go:104.25,106.6 1 1
github.com/niuulabs/volundr/cli/internal/api/sse.go:108.4,109.12 2 1
github.com/niuulabs/volundr/cli/internal/api/sse.go:113.3,113.10 1 1
github.com/niuulabs/volundr/cli/internal/api/sse.go:114.42,116.24 2 1
github.com/niuulabs/volundr/cli/internal/api/sse.go:116.24,118.5 1 1
github.com/niuulabs/volundr/cli/internal/api/sse.go:119.4,119.22 1 1
github.com/niuulabs/volundr/cli/internal/api/sse.go:120.43,121.53 1 1
github.com/niuulabs/volundr/cli/internal/api/sse.go:122.40,123.47 1 1
github.com/niuulabs/volundr/cli/internal/api/sse.go:127.2,127.38 1 1
github.com/niuulabs/volundr/cli/internal/api/sse.go:127.38,128.23 1 0
github.com/niuulabs/volundr/cli/internal/api/sse.go:128.23,130.4 1 0
github.com/niuulabs/volundr/cli/internal/api/ws.go:102.51,112.2 3 1
github.com/niuulabs/volundr/cli/internal/api/ws.go:117.52,126.85 6 1
github.com/niuulabs/volundr/cli/internal/api/ws.go:126.85,129.3 1 1
github.com/niuulabs/volundr/cli/internal/api/ws.go:129.8,132.20 2 1
github.com/niuulabs/volundr/cli/internal/api/ws.go:132.20,134.4 1 1
github.com/niuulabs/volundr/cli/internal/api/ws.go:137.2,138.16 2 1
github.com/niuulabs/volundr/cli/internal/api/ws.go:138.16,141.3 2 1
github.com/niuulabs/volundr/cli/internal/api/ws.go:143.2,148.12 4 1
github.com/niuulabs/volundr/cli/internal/api/ws.go:152.51,159.16 3 1
github.com/niuulabs/volundr/cli/internal/api/ws.go:159.16,161.3 1 0
github.com/niuulabs/volundr/cli/internal/api/ws.go:163.2,166.19 3 1
github.com/niuulabs/volundr/cli/internal/api/ws.go:166.19,168.3 1 1
github.com/niuulabs/volundr/cli/internal/api/ws.go:170.2,170.57 1 1
github.com/niuulabs/volundr/cli/internal/api/ws.go:174.47,178.19 3 1
github.com/niuulabs/volundr/cli/internal/api/ws.go:178.19,180.3 1 1
github.com/niuulabs/volundr/cli/internal/api/ws.go:182.2,182.59 1 1
github.com/niuulabs/volundr/cli/internal/api/ws.go:186.34,189.19 2 1
github.com/niuulabs/volundr/cli/internal/api/ws.go:189.19,192.3 2 1
github.com/niuulabs/volundr/cli/internal/api/ws.go:194.2,201.12 5 0
github.com/niuulabs/volundr/cli/internal/api/ws.go:205.36,209.2 3 1
github.com/niuulabs/volundr/cli/internal/api/ws.go:212.31,213.6 1 1
github.com/niuulabs/volundr/cli/internal/api/ws.go:213.6,215.17 2 1
github.com/niuulabs/volundr/cli/internal/api/ws.go:215.17,216.24 1 1
github.com/niuulabs/volundr/cli/internal/api/ws.go:216.24,218.5 1 1
github.com/niuulabs/volundr/cli/internal/api/ws.go:219.4,223.10 5 1
github.com/niuulabs/volundr/cli/internal/api/ws.go:227.3,227.14 1 1
github.com/niuulabs/volundr/cli/internal/api/ws.go:227.14,229.4 1 0
github.com/niuulabs/volundr/cli/internal/api/ws.go:232.3,233.30 2 1
github.com/niuulabs/volundr/cli/internal/api/ws.go:233.30,235.18 2 1
github.com/niuulabs/volundr/cli/internal/api/ws.go:235.18,236.13 1 1
github.com/niuulabs/volundr/cli/internal/api/ws.go:240.4,240.40 1 1
github.com/niuulabs/volundr/cli/internal/api/ws.go:240.40,242.5 1 1
github.com/niuulabs/volundr/cli/internal/api/ws.go:244.4,245.63 2 1
github.com/niuulabs/volundr/cli/internal/api/ws.go:245.63,248.5 1 1
github.com/niuulabs/volundr/cli/internal/api/ws.go:250.4,250.26 1 1
github.com/niuulabs/volundr/cli/internal/api/ws.go:250.26,252.5 1 1
github.com/niuulabs/volundr/cli/internal/api/ws.go:258.44,260.28 2 1
github.com/niuulabs/volundr/cli/internal/api/ws.go:260.28,262.3 1 1
github.com/niuulabs/volundr/cli/internal/api/ws.go:266.53,267.17 1 1
github.com/niuulabs/volundr/cli/internal/api/ws.go:267.17,269.3 1 1
github.com/niuulabs/volundr/cli/internal/api/ws.go:270.2,271.35 2 1
github.com/niuulabs/volundr/cli/internal/api/ws.go:271.35,273.3 1 1
github.com/niuulabs/volundr/cli/internal/api/ws.go:274.2,274.64 1 1
github.com/niuulabs/volundr/cli/internal/api/ws.go:278.34,279.11 1 1
github.com/niuulabs/volundr/cli/internal/api/ws.go:280.22,281.24 1 1
github.com/niuulabs/volundr/cli/internal/api/ws.go:282.20,283.22 1 1
github.com/niuulabs/volundr/cli/internal/api/ws.go:284.19,285.21 1 1
github.com/niuulabs/volundr/cli/internal/api/ws.go:286.22,287.24 1 1
github.com/niuulabs/volundr/cli/internal/api/ws.go:289.2,289.18 1 1
github.com/niuulabs/volundr/cli/internal/api/ws.go:296.30,298.16 2 0
github.com/niuulabs/volundr/cli/internal/api/ws.go:298.16,300.3 1 0
github.com/niuulabs/volundr/cli/internal/api/ws.go:301.2,301.15 1 0
github.com/niuulabs/volundr/cli/internal/api/ws.go:301.15,301.32 1 0
github.com/niuulabs/volundr/cli/internal/api/ws.go:302.2,302.52 1 0
github.com/niuulabs/volundr/cli/internal/api/ws_terminal.go:32.67,41.2 3 1
github.com/niuulabs/volundr/cli/internal/api/ws_terminal.go:46.60,55.85 6 1
github.com/niuulabs/volundr/cli/internal/api/ws_terminal.go:55.85,57.3 1 1
github.com/niuulabs/volundr/cli/internal/api/ws_terminal.go:57.8,59.20 2 1
github.com/niuulabs/volundr/cli/internal/api/ws_terminal.go:59.20,61.4 1 1
github.com/niuulabs/volundr/cli/internal/api/ws_terminal.go:64.2,65.16 2 1
github.com/niuulabs/volundr/cli/internal/api/ws_terminal.go:65.16,68.18 3 1
github.com/niuulabs/volundr/cli/internal/api/ws_terminal.go:68.18,70.4 1 0
github.com/niuulabs/volundr/cli/internal/api/ws_terminal.go:72.3,73.63 2 1
github.com/niuulabs/volundr/cli/internal/api/ws_terminal.go:73.63,75.4 1 0
github.com/niuulabs/volundr/cli/internal/api/ws_terminal.go:76.3,76.115 1 1
github.com/niuulabs/volundr/cli/internal/api/ws_terminal.go:79.2,84.12 4 1
github.com/niuulabs/volundr/cli/internal/api/ws_terminal.go:89.55,93.19 3 1
github.com/niuulabs/volundr/cli/internal/api/ws_terminal.go:93.19,95.3 1 1
github.com/niuulabs/volundr/cli/internal/api/ws_terminal.go:97.2,106.16 3 1
github.com/niuulabs/volundr/cli/internal/api/ws_terminal.go:106.16,108.3 1 0
github.com/niuulabs/volundr/cli/internal/api/ws_terminal.go:110.2,110.60 1 1
github.com/niuulabs/volundr/cli/internal/api/ws_terminal.go:114.61,118.19 3 1
github.com/niuulabs/volundr/cli/internal/api/ws_terminal.go:118.19,120.3 1 1
github.com/niuulabs/volundr/cli/internal/api/ws_terminal.go:122.2,133.16 3 1
github.com/niuulabs/volundr/cli/internal/api/ws_terminal.go:133.16,135.3 1 0
github.com/niuulabs/volundr/cli/internal/api/ws_terminal.go:137.2,137.57 1 1
github.com/niuulabs/volundr/cli/internal/api/ws_terminal.go:141.42,144.19 2 1
github.com/niuulabs/volundr/cli/internal/api/ws_terminal.go:144.19,147.3 2 1
github.com/niuulabs/volundr/cli/internal/api/ws_terminal.go:149.2,156.12 5 0
github.com/niuulabs/volundr/cli/internal/api/ws_terminal.go:160.44,164.2 3 1
github.com/niuulabs/volundr/cli/internal/api/ws_terminal.go:175.39,176.6 1 1
github.com/niuulabs/volundr/cli/internal/api/ws_terminal.go:176.6,178.17 2 1
github.com/niuulabs/volundr/cli/internal/api/ws_terminal.go:178.17,179.24 1 1
github.com/niuulabs/volundr/cli/internal/api/ws_terminal.go:179.24,181.5 1 1
github.com/niuulabs/volundr/cli/internal/api/ws_terminal.go:182.4,186.10 5 1
github.com/niuulabs/volundr/cli/internal/api/ws_terminal.go:189.3,189.22 1 1
github.com/niuulabs/volundr/cli/internal/api/ws_terminal.go:189.22,190.12 1 1
github.com/niuulabs/volundr/cli/internal/api/ws_terminal.go:194.3,194.41 1 1
github.com/niuulabs/volundr/cli/internal/api/ws_terminal.go:194.41,196.12 2 1
github.com/niuulabs/volundr/cli/internal/api/ws_terminal.go:200.3,201.52 2 1
github.com/niuulabs/volundr/cli/internal/api/ws_terminal.go:201.52,204.12 2 1
github.com/niuulabs/volundr/cli/internal/api/ws_terminal.go:207.3,207.19 1 1
github.com/niuulabs/volundr/cli/internal/api/ws_terminal.go:208.17,210.30 1 1
github.com/niuulabs/volundr/cli/internal/api/ws_terminal.go:211.11,211.11 0 1
github.com/niuulabs/volundr/cli/internal/api/ws_terminal.go:218.52,220.28 2 1
github.com/niuulabs/volundr/cli/internal/api/ws_terminal.go:220.28,222.3 1 1
github.com/niuulabs/volundr/cli/internal/web/dist_placeholder.go:12.21,27.2 1 0
github.com/niuulabs/volundr/cli/internal/web/embed.go:36.47,37.16 1 0
github.com/niuulabs/volundr/cli/internal/web/embed.go:37.16,39.3 1 0
github.com/niuulabs/volundr/cli/internal/web/embed.go:41.2,49.78 4 0
github.com/niuulabs/volundr/cli/internal/web/embed.go:49.78,53.3 3 0
github.com/niuulabs/volundr/cli/internal/web/embed.go:58.2,60.12 2 0
github.com/niuulabs/volundr/cli/internal/web/embed.go:66.44,69.71 2 0
github.com/niuulabs/volundr/cli/internal/web/embed.go:69.71,71.17 2 0
github.com/niuulabs/volundr/cli/internal/web/embed.go:71.17,73.4 1 0
github.com/niuulabs/volundr/cli/internal/web/embed.go:76.3,77.17 2 0
github.com/niuulabs/volundr/cli/internal/web/embed.go:77.17,81.42 2 0
github.com/niuulabs/volundr/cli/internal/web/embed.go:81.42,83.5 1 0
github.com/niuulabs/volundr/cli/internal/web/embed.go:85.4,86.10 2 0
github.com/niuulabs/volundr/cli/internal/web/embed.go:90.3,91.29 2 0
github.com/niuulabs/volundr/cli/internal/cli/config_remote.go:11.13,14.2 2 1
github.com/niuulabs/volundr/cli/internal/cli/config_remote.go:29.52,31.17 2 1
github.com/niuulabs/volundr/cli/internal/cli/config_remote.go:31.17,33.4 1 0
github.com/niuulabs/volundr/cli/internal/cli/config_remote.go:35.3,38.21 2 1
github.com/niuulabs/volundr/cli/internal/cli/config_remote.go:38.21,41.4 2 1
github.com/niuulabs/volundr/cli/internal/cli/config_remote.go:44.3,45.17 2 1
github.com/niuulabs/volundr/cli/internal/cli/config_remote.go:45.17,47.4 1 0
github.com/niuulabs/volundr/cli/internal/cli/config_remote.go:49.3,50.17 2 1
github.com/niuulabs/volundr/cli/internal/cli/config_remote.go:50.17,52.4 1 1
github.com/niuulabs/volundr/cli/internal/cli/config_remote.go:54.3,55.13 2 1
github.com/niuulabs/volundr/cli/internal/cli/config_remote.go:63.52,65.17 2 1
github.com/niuulabs/volundr/cli/internal/cli/config_remote.go:65.17,67.4 1 0
github.com/niuulabs/volundr/cli/internal/cli/config_remote.go:69.3,73.21 3 1
github.com/niuulabs/volundr/cli/internal/cli/config_remote.go:73.21,75.37 2 1
github.com/niuulabs/volundr/cli/internal/cli/config_remote.go:75.37,77.5 1 0
github.com/niuulabs/volundr/cli/internal/cli/config_remote.go:78.4,79.14 2 1
github.com/niuulabs/volundr/cli/internal/cli/config_remote.go:83.3,84.17 2 1
github.com/niuulabs/volundr/cli/internal/cli/config_remote.go:84.17,86.4 1 0
github.com/niuulabs/volundr/cli/internal/cli/config_remote.go:88.3,88.58 1 1
github.com/niuulabs/volundr/cli/internal/cli/config_remote.go:88.58,90.4 1 1
github.com/niuulabs/volundr/cli/internal/cli/config_remote.go:92.3,92.36 1 1
github.com/niuulabs/volundr/cli/internal/cli/config_remote.go:92.36,94.4 1 0
github.com/niuulabs/volundr/cli/internal/cli/config_remote.go:96.3,97.13 2 1
github.com/niuulabs/volundr/cli/internal/cli/config_remote.go:101.71,102.13 1 1
github.com/niuulabs/volundr/cli/internal/cli/config_remote.go:103.16,104.25 1 1
github.com/niuulabs/volundr/cli/internal/cli/config_remote.go:105.15,106.24 1 1
github.com/niuulabs/volundr/cli/internal/cli/config_remote.go:107.23,108.31 1 1
github.com/niuulabs/volundr/cli/internal/cli/config_remote.go:109.22,110.30 1 1
github.com/niuulabs/volundr/cli/internal/cli/config_remote.go:111.16,112.25 1 1
github.com/niuulabs/volundr/cli/internal/cli/config_remote.go:113.32,114.27 1 1
github.com/niuulabs/volundr/cli/internal/cli/config_remote.go:115.10,116.138 1 1
github.com/niuulabs/volundr/cli/internal/cli/config_remote.go:120.68,121.13 1 1
github.com/niuulabs/volundr/cli/internal/cli/config_remote.go:122.16,123.21 1 1
github.com/niuulabs/volundr/cli/internal/cli/config_remote.go:124.15,125.20 1 1
github.com/niuulabs/volundr/cli/internal/cli/config_remote.go:126.23,127.27 1 1
github.com/niuulabs/volundr/cli/internal/cli/config_remote.go:128.22,129.26 1 1
github.com/niuulabs/volundr/cli/internal/cli/config_remote.go:130.16,131.21 1 1
github.com/niuulabs/volundr/cli/internal/cli/config_remote.go:132.32,133.23 1 1
github.com/niuulabs/volundr/cli/internal/cli/config_remote.go:134.10,135.134 1 1
github.com/niuulabs/volundr/cli/internal/cli/config_remote.go:137.2,137.12 1 1
github.com/niuulabs/volundr/cli/internal/cli/context.go:22.13,35.2 10 1
github.com/niuulabs/volundr/cli/internal/cli/context.go:52.52,54.17 2 1
github.com/niuulabs/volundr/cli/internal/cli/context.go:54.17,56.4 1 0
github.com/niuulabs/volundr/cli/internal/cli/context.go:58.3,60.17 3 1
github.com/niuulabs/volundr/cli/internal/cli/context.go:60.17,62.4 1 1
github.com/niuulabs/volundr/cli/internal/cli/context.go:64.3,71.50 2 1
github.com/niuulabs/volundr/cli/internal/cli/context.go:71.50,73.4 1 1
github.com/niuulabs/volundr/cli/internal/cli/context.go:75.3,75.36 1 1
github.com/niuulabs/volundr/cli/internal/cli/context.go:75.36,77.4 1 0
github.com/niuulabs/volundr/cli/internal/cli/context.go:79.3,80.13 2 1
github.com/niuulabs/volundr/cli/internal/cli/context.go:95.49,97.17 2 1
github.com/niuulabs/volundr/cli/internal/cli/context.go:97.17,99.4 1 0
github.com/niuulabs/volundr/cli/internal/cli/context.go:101.3,101.29 1 1
github.com/niuulabs/volundr/cli/internal/cli/context.go:101.29,104.4 2 1
github.com/niuulabs/volundr/cli/internal/cli/context.go:106.3,106.22 1 1
github.com/niuulabs/volundr/cli/internal/cli/context.go:106.22,108.4 1 1
github.com/niuulabs/volundr/cli/internal/cli/context.go:110.3,112.38 3 1
github.com/niuulabs/volundr/cli/internal/cli/context.go:112.38,114.23 2 1
github.com/niuulabs/volundr/cli/internal/cli/context.go:114.23,116.5 1 1
github.com/niuulabs/volundr/cli/internal/cli/context.go:117.4,117.84 1 1
github.com/niuulabs/volundr/cli/internal/cli/context.go:119.3,119.19 1 1
github.com/niuulabs/volundr/cli/internal/cli/context.go:123.50,125.37 2 1
github.com/niuulabs/volundr/cli/internal/cli/context.go:125.37,132.3 1 1
github.com/niuulabs/volundr/cli/internal/cli/context.go:134.2,135.16 2 1
github.com/niuulabs/volundr/cli/internal/cli/context.go:135.16,137.3 1 0
github.com/niuulabs/volundr/cli/internal/cli/context.go:139.2,140.12 2 1
github.com/niuulabs/volundr/cli/internal/cli/context.go:147.52,149.17 2 1
github.com/niuulabs/volundr/cli/internal/cli/context.go:149.17,151.4 1 0
github.com/niuulabs/volundr/cli/internal/cli/context.go:153.3,154.48 2 1
github.com/niuulabs/volundr/cli/internal/cli/context.go:154.48,156.4 1 1
github.com/niuulabs/volundr/cli/internal/cli/context.go:158.3,158.36 1 1
github.com/niuulabs/volundr/cli/internal/cli/context.go:158.36,160.4 1 0
github.com/niuulabs/volundr/cli/internal/cli/context.go:162.3,163.13 2 1
github.com/niuulabs/volundr/cli/internal/cli/context.go:171.52,173.17 2 1
github.com/niuulabs/volundr/cli/internal/cli/context.go:173.17,175.4 1 0
github.com/niuulabs/volundr/cli/internal/cli/context.go:177.3,177.61 1 1
github.com/niuulabs/volundr/cli/internal/cli/context.go:177.61,179.4 1 1
github.com/niuulabs/volundr/cli/internal/cli/context.go:181.3,181.36 1 1
github.com/niuulabs/volundr/cli/internal/cli/context.go:181.36,183.4 1 0
github.com/niuulabs/volundr/cli/internal/cli/context.go:185.3,186.13 2 1
github.com/niuulabs/volundr/cli/internal/cli/down.go:18.50,22.46 2 0
github.com/niuulabs/volundr/cli/internal/cli/down.go:22.46,24.3 1 0
github.com/niuulabs/volundr/cli/internal/cli/down.go:26.2,27.12 2 0
github.com/niuulabs/volundr/cli/internal/cli/init.go:26.13,28.2 1 1
github.com/niuulabs/volundr/cli/internal/cli/init.go:30.50,36.16 4 0
github.com/niuulabs/volundr/cli/internal/cli/init.go:36.16,38.3 1 0
github.com/niuulabs/volundr/cli/internal/cli/init.go:39.2,39.12 1 0
github.com/niuulabs/volundr/cli/internal/cli/init.go:39.12,44.39 5 0
github.com/niuulabs/volundr/cli/internal/cli/init.go:44.39,47.4 2 0
github.com/niuulabs/volundr/cli/internal/cli/init.go:50.2,51.16 2 0
github.com/niuulabs/volundr/cli/internal/cli/init.go:51.16,53.3 1 0
github.com/niuulabs/volundr/cli/internal/cli/init.go:55.2,58.27 2 0
github.com/niuulabs/volundr/cli/internal/cli/init.go:58.27,61.3 2 0
github.com/niuulabs/volundr/cli/internal/cli/init.go:61.8,65.23 4 0
github.com/niuulabs/volundr/cli/internal/cli/init.go:65.23,67.4 1 0
github.com/niuulabs/volundr/cli/internal/cli/init.go:71.2,80.18 8 0
github.com/niuulabs/volundr/cli/internal/cli/init.go:80.18,82.3 1 0
github.com/niuulabs/volundr/cli/internal/cli/init.go:84.2,84.37 1 0
github.com/niuulabs/volundr/cli/internal/cli/init.go:84.37,92.20 7 0
github.com/niuulabs/volundr/cli/internal/cli/init.go:92.20,94.62 2 0
github.com/niuulabs/volundr/cli/internal/cli/init.go:94.62,96.5 1 0
github.com/niuulabs/volundr/cli/internal/cli/init.go:97.9,99.4 1 0
github.com/niuulabs/volundr/cli/internal/cli/init.go:101.3,111.46 9 0
github.com/niuulabs/volundr/cli/internal/cli/init.go:115.2,119.42 5 0
github.com/niuulabs/volundr/cli/internal/cli/init.go:119.42,133.20 11 0
github.com/niuulabs/volundr/cli/internal/cli/init.go:133.20,135.4 1 0
github.com/niuulabs/volundr/cli/internal/cli/init.go:137.3,144.18 2 0
github.com/niuulabs/volundr/cli/internal/cli/init.go:144.18,145.27 1 0
github.com/niuulabs/volundr/cli/internal/cli/init.go:145.27,147.5 1 0
github.com/niuulabs/volundr/cli/internal/cli/init.go:147.10,149.5 1 0
github.com/niuulabs/volundr/cli/internal/cli/init.go:152.3,152.20 1 0
github.com/niuulabs/volundr/cli/internal/cli/init.go:152.20,153.52 1 0
github.com/niuulabs/volundr/cli/internal/cli/init.go:153.52,155.18 2 0
github.com/niuulabs/volundr/cli/internal/cli/init.go:155.18,157.6 1 0
github.com/niuulabs/volundr/cli/internal/cli/init.go:161.3,166.21 3 0
github.com/niuulabs/volundr/cli/internal/cli/init.go:166.21,168.4 1 0
github.com/niuulabs/volundr/cli/internal/cli/init.go:168.9,170.4 1 0
github.com/niuulabs/volundr/cli/internal/cli/init.go:171.3,173.23 3 0
github.com/niuulabs/volundr/cli/internal/cli/init.go:173.23,175.4 1 0
github.com/niuulabs/volundr/cli/internal/cli/init.go:176.3,176.23 1 0
github.com/niuulabs/volundr/cli/internal/cli/init.go:176.23,178.4 1 0
github.com/niuulabs/volundr/cli/internal/cli/init.go:182.2,182.39 1 0
github.com/niuulabs/volundr/cli/internal/cli/init.go:182.39,184.3 1 0
github.com/niuulabs/volundr/cli/internal/cli/init.go:187.2,188.16 2 0
github.com/niuulabs/volundr/cli/internal/cli/init.go:188.16,190.3 1 0
github.com/niuulabs/volundr/cli/internal/cli/init.go:191.2,193.35 2 0
github.com/niuulabs/volundr/cli/internal/cli/init.go:193.35,195.3 1 0
github.com/niuulabs/volundr/cli/internal/cli/init.go:196.2,199.18 2 0
github.com/niuulabs/volundr/cli/internal/cli/init.go:199.18,205.67 3 0
github.com/niuulabs/volundr/cli/internal/cli/init.go:205.67,207.4 1 0
github.com/niuulabs/volundr/cli/internal/cli/init.go:208.3,208.47 1 0
github.com/niuulabs/volundr/cli/internal/cli/init.go:212.2,214.42 3 0
github.com/niuulabs/volundr/cli/internal/cli/init.go:214.42,216.3 1 0
github.com/niuulabs/volundr/cli/internal/cli/init.go:218.2,221.12 3 0
github.com/niuulabs/volundr/cli/internal/cli/init.go:226.34,227.13 1 0
github.com/niuulabs/volundr/cli/internal/cli/init.go:227.13,229.3 1 0
github.com/niuulabs/volundr/cli/internal/cli/init.go:230.2,230.22 1 0
github.com/niuulabs/volundr/cli/internal/cli/init.go:230.22,231.61 1 0
github.com/niuulabs/volundr/cli/internal/cli/init.go:231.61,233.4 1 0
github.com/niuulabs/volundr/cli/internal/cli/init.go:235.2,235.13 1 0
github.com/niuulabs/volundr/cli/internal/cli/init.go:240.33,242.16 2 0
github.com/niuulabs/volundr/cli/internal/cli/init.go:242.16,244.3 1 0
github.com/niuulabs/volundr/cli/internal/cli/init.go:245.2,246.16 2 0
github.com/niuulabs/volundr/cli/internal/cli/init.go:246.16,248.3 1 0
github.com/niuulabs/volundr/cli/internal/cli/init.go:249.2,249.56 1 0
github.com/niuulabs/volundr/cli/internal/cli/json.go:13.29,16.38 3 0
github.com/niuulabs/volundr/cli/internal/cli/json.go:16.38,18.3 1 0
github.com/niuulabs/volundr/cli/internal/cli/json.go:19.2,19.12 1 0
github.com/niuulabs/volundr/cli/internal/cli/login.go:27.13,32.2 4 1
github.com/niuulabs/volundr/cli/internal/cli/login.go:37.38,39.3 1 1
github.com/niuulabs/volundr/cli/internal/cli/login.go:40.36,42.3 1 1
github.com/niuulabs/volundr/cli/internal/cli/login.go:55.49,57.17 2 0
github.com/niuulabs/volundr/cli/internal/cli/login.go:57.17,59.4 1 0
github.com/niuulabs/volundr/cli/internal/cli/login.go:62.3,62.48 1 0
github.com/niuulabs/volundr/cli/internal/cli/login.go:62.48,64.4 1 0
github.com/niuulabs/volundr/cli/internal/cli/login.go:66.3,67.17 2 0
github.com/niuulabs/volundr/cli/internal/cli/login.go:67.17,69.4 1 0
github.com/niuulabs/volundr/cli/internal/cli/login.go:71.3,71.46 1 0
github.com/niuulabs/volundr/cli/internal/cli/login.go:77.49,78.48 1 1
github.com/niuulabs/volundr/cli/internal/cli/login.go:78.48,80.3 1 1
github.com/niuulabs/volundr/cli/internal/cli/login.go:81.2,82.16 2 1
github.com/niuulabs/volundr/cli/internal/cli/login.go:82.16,84.3 1 1
github.com/niuulabs/volundr/cli/internal/cli/login.go:85.2,85.44 1 1
github.com/niuulabs/volundr/cli/internal/cli/login.go:89.88,92.16 2 0
github.com/niuulabs/volundr/cli/internal/cli/login.go:92.16,94.3 1 0
github.com/niuulabs/volundr/cli/internal/cli/login.go:97.2,105.17 6 0
github.com/niuulabs/volundr/cli/internal/cli/login.go:105.17,107.3 1 0
github.com/niuulabs/volundr/cli/internal/cli/login.go:107.8,109.3 1 0
github.com/niuulabs/volundr/cli/internal/cli/login.go:110.2,110.16 1 0
github.com/niuulabs/volundr/cli/internal/cli/login.go:110.16,112.3 1 0
github.com/niuulabs/volundr/cli/internal/cli/login.go:115.2,117.25 3 0
github.com/niuulabs/volundr/cli/internal/cli/login.go:117.25,119.3 1 0
github.com/niuulabs/volundr/cli/internal/cli/login.go:121.2,122.35 2 0
github.com/niuulabs/volundr/cli/internal/cli/login.go:122.35,124.3 1 0
github.com/niuulabs/volundr/cli/internal/cli/login.go:127.2,129.40 3 0
github.com/niuulabs/volundr/cli/internal/cli/login.go:129.40,131.3 1 0
github.com/niuulabs/volundr/cli/internal/cli/login.go:133.2,135.17 2 0
github.com/niuulabs/volundr/cli/internal/cli/login.go:135.17,137.3 1 0
github.com/niuulabs/volundr/cli/internal/cli/login.go:137.8,139.3 1 0
github.com/niuulabs/volundr/cli/internal/cli/login.go:140.2,140.28 1 0
github.com/niuulabs/volundr/cli/internal/cli/login.go:140.28,142.3 1 0
github.com/niuulabs/volundr/cli/internal/cli/login.go:143.2,146.12 3 0
github.com/niuulabs/volundr/cli/internal/cli/login.go:152.49,161.27 6 0
github.com/niuulabs/volundr/cli/internal/cli/login.go:161.27,166.24 3 0
github.com/niuulabs/volundr/cli/internal/cli/login.go:166.24,168.12 2 0
github.com/niuulabs/volundr/cli/internal/cli/login.go:172.3,172.43 1 0
github.com/niuulabs/volundr/cli/internal/cli/login.go:172.43,174.12 2 0
github.com/niuulabs/volundr/cli/internal/cli/login.go:179.3,180.17 2 0
github.com/niuulabs/volundr/cli/internal/cli/login.go:180.17,182.12 2 0
github.com/niuulabs/volundr/cli/internal/cli/login.go:185.3,192.18 6 0
github.com/niuulabs/volundr/cli/internal/cli/login.go:192.18,194.4 1 0
github.com/niuulabs/volundr/cli/internal/cli/login.go:194.9,196.4 1 0
github.com/niuulabs/volundr/cli/internal/cli/login.go:197.3,197.17 1 0
github.com/niuulabs/volundr/cli/internal/cli/login.go:197.17,200.12 3 0
github.com/niuulabs/volundr/cli/internal/cli/login.go:203.3,205.26 3 0
github.com/niuulabs/volundr/cli/internal/cli/login.go:205.26,207.4 1 0
github.com/niuulabs/volundr/cli/internal/cli/login.go:210.3,212.41 3 0
github.com/niuulabs/volundr/cli/internal/cli/login.go:212.41,214.4 1 0
github.com/niuulabs/volundr/cli/internal/cli/login.go:216.3,216.18 1 0
github.com/niuulabs/volundr/cli/internal/cli/login.go:216.18,218.4 1 0
github.com/niuulabs/volundr/cli/internal/cli/login.go:218.9,220.4 1 0
github.com/niuulabs/volundr/cli/internal/cli/login.go:224.2,224.35 1 0
github.com/niuulabs/volundr/cli/internal/cli/login.go:224.35,226.3 1 0
github.com/niuulabs/volundr/cli/internal/cli/login.go:228.2,231.21 3 0
github.com/niuulabs/volundr/cli/internal/cli/login.go:231.21,233.3 1 0
github.com/niuulabs/volundr/cli/internal/cli/login.go:235.2,235.12 1 0
github.com/niuulabs/volundr/cli/internal/cli/login.go:239.53,241.30 2 1
github.com/niuulabs/volundr/cli/internal/cli/login.go:241.30,243.3 1 1
github.com/niuulabs/volundr/cli/internal/cli/login.go:244.2,245.13 2 1
github.com/niuulabs/volundr/cli/internal/cli/login.go:248.114,252.16 3 0
github.com/niuulabs/volundr/cli/internal/cli/login.go:252.16,254.3 1 0
github.com/niuulabs/volundr/cli/internal/cli/login.go:256.2,257.19 2 0
github.com/niuulabs/volundr/cli/internal/cli/login.go:260.116,263.88 2 0
github.com/niuulabs/volundr/cli/internal/cli/login.go:263.88,265.41 2 0
github.com/niuulabs/volundr/cli/internal/cli/login.go:265.41,267.4 1 0
github.com/niuulabs/volundr/cli/internal/cli/login.go:268.3,270.45 3 0
github.com/niuulabs/volundr/cli/internal/cli/login.go:272.2,272.16 1 0
github.com/niuulabs/volundr/cli/internal/cli/login.go:272.16,274.3 1 0
github.com/niuulabs/volundr/cli/internal/cli/login.go:276.2,277.19 2 0
github.com/niuulabs/volundr/cli/internal/cli/login.go:282.83,284.46 1 1
github.com/niuulabs/volundr/cli/internal/cli/login.go:284.46,286.3 1 1
github.com/niuulabs/volundr/cli/internal/cli/login.go:289.2,289.46 1 1
github.com/niuulabs/volundr/cli/internal/cli/login.go:289.46,291.24 2 1
github.com/niuulabs/volundr/cli/internal/cli/login.go:291.24,292.25 1 0
github.com/niuulabs/volundr/cli/internal/cli/login.go:292.25,294.5 1 0
github.com/niuulabs/volundr/cli/internal/cli/login.go:295.4,295.27 1 0
github.com/niuulabs/volundr/cli/internal/cli/login.go:295.27,297.5 1 0
github.com/niuulabs/volundr/cli/internal/cli/login.go:302.2,302.23 1 1
github.com/niuulabs/volundr/cli/internal/cli/login.go:302.23,304.3 1 0
github.com/niuulabs/volundr/cli/internal/cli/login.go:305.2,305.25 1 1
github.com/niuulabs/volundr/cli/internal/cli/login.go:305.25,307.3 1 0
github.com/niuulabs/volundr/cli/internal/cli/login.go:310.2,310.18 1 1
github.com/niuulabs/volundr/cli/internal/cli/login.go:310.18,312.3 1 1
github.com/niuulabs/volundr/cli/internal/cli/login.go:313.2,313.20 1 1
github.com/niuulabs/volundr/cli/internal/cli/login.go:313.20,315.3 1 1
github.com/niuulabs/volundr/cli/internal/cli/login.go:317.2,317.36 1 1
github.com/niuulabs/volundr/cli/internal/cli/login.go:317.36,323.3 1 1
github.com/niuulabs/volundr/cli/internal/cli/login.go:325.2,325.30 1 1
github.com/niuulabs/volundr/cli/internal/cli/login.go:330.72,331.23 1 1
github.com/niuulabs/volundr/cli/internal/cli/login.go:331.23,333.3 1 1
github.com/niuulabs/volundr/cli/internal/cli/login.go:335.2,339.16 4 1
github.com/niuulabs/volundr/cli/internal/cli/login.go:339.16,342.3 2 1
github.com/niuulabs/volundr/cli/internal/cli/login.go:344.2,344.23 1 1
github.com/niuulabs/volundr/cli/internal/cli/login.go:344.23,347.3 2 1
github.com/niuulabs/volundr/cli/internal/cli/login.go:349.2,352.13 3 1
github.com/niuulabs/volundr/cli/internal/cli/login.go:356.36,360.22 3 0
github.com/niuulabs/volundr/cli/internal/cli/login.go:361.16,362.46 1 0
github.com/niuulabs/volundr/cli/internal/cli/login.go:363.15,364.50 1 0
github.com/niuulabs/volundr/cli/internal/cli/login.go:365.17,366.81 1 0
github.com/niuulabs/volundr/cli/internal/cli/login.go:367.10,368.100 1 0
github.com/niuulabs/volundr/cli/internal/cli/login.go:371.2,371.20 1 0
github.com/niuulabs/volundr/cli/internal/cli/logout.go:15.49,17.17 2 1
github.com/niuulabs/volundr/cli/internal/cli/logout.go:17.17,19.4 1 0
github.com/niuulabs/volundr/cli/internal/cli/logout.go:21.3,22.17 2 1
github.com/niuulabs/volundr/cli/internal/cli/logout.go:22.17,24.4 1 1
github.com/niuulabs/volundr/cli/internal/cli/logout.go:26.3,26.49 1 1
github.com/niuulabs/volundr/cli/internal/cli/logout.go:26.49,28.4 1 0
github.com/niuulabs/volundr/cli/internal/cli/logout.go:30.3,30.36 1 1
github.com/niuulabs/volundr/cli/internal/cli/logout.go:30.36,32.4 1 0
github.com/niuulabs/volundr/cli/internal/cli/logout.go:34.3,35.13 2 1
github.com/niuulabs/volundr/cli/internal/cli/root.go:37.55,39.21 1 0
github.com/niuulabs/volundr/cli/internal/cli/root.go:39.21,41.4 1 0
github.com/niuulabs/volundr/cli/internal/cli/root.go:43.49,46.3 1 0
github.com/niuulabs/volundr/cli/internal/cli/root.go:49.13,77.2 18 1
github.com/niuulabs/volundr/cli/internal/cli/root.go:80.22,82.2 1 0
github.com/niuulabs/volundr/cli/internal/cli/sessions.go:14.13,27.2 10 1
github.com/niuulabs/volundr/cli/internal/cli/sessions.go:39.49,41.17 2 0
github.com/niuulabs/volundr/cli/internal/cli/sessions.go:41.17,43.4 1 0
github.com/niuulabs/volundr/cli/internal/cli/sessions.go:45.3,46.17 2 0
github.com/niuulabs/volundr/cli/internal/cli/sessions.go:46.17,48.4 1 0
github.com/niuulabs/volundr/cli/internal/cli/sessions.go:50.3,50.17 1 0
github.com/niuulabs/volundr/cli/internal/cli/sessions.go:50.17,52.4 1 0
github.com/niuulabs/volundr/cli/internal/cli/sessions.go:54.3,54.25 1 0
github.com/niuulabs/volundr/cli/internal/cli/sessions.go:54.25,57.4 2 0
github.com/niuulabs/volundr/cli/internal/cli/sessions.go:59.3,61.30 3 0
github.com/niuulabs/volundr/cli/internal/cli/sessions.go:61.30,64.4 1 0
github.com/niuulabs/volundr/cli/internal/cli/sessions.go:65.3,65.19 1 0
github.com/niuulabs/volundr/cli/internal/cli/sessions.go:72.51,74.17 2 0
github.com/niuulabs/volundr/cli/internal/cli/sessions.go:74.17,76.4 1 0
github.com/niuulabs/volundr/cli/internal/cli/sessions.go:78.3,89.17 6 0
github.com/niuulabs/volundr/cli/internal/cli/sessions.go:89.17,91.4 1 0
github.com/niuulabs/volundr/cli/internal/cli/sessions.go:93.3,93.17 1 0
github.com/niuulabs/volundr/cli/internal/cli/sessions.go:93.17,95.4 1 0
github.com/niuulabs/volundr/cli/internal/cli/sessions.go:97.3,98.13 2 0
github.com/niuulabs/volundr/cli/internal/cli/sessions.go:106.52,108.17 2 0
github.com/niuulabs/volundr/cli/internal/cli/sessions.go:108.17,110.4 1 0
github.com/niuulabs/volundr/cli/internal/cli/sessions.go:112.3,112.54 1 0
github.com/niuulabs/volundr/cli/internal/cli/sessions.go:112.54,114.4 1 0
github.com/niuulabs/volundr/cli/internal/cli/sessions.go:116.3,117.13 2 0
github.com/niuulabs/volundr/cli/internal/cli/sessions.go:125.52,127.17 2 0
github.com/niuulabs/volundr/cli/internal/cli/sessions.go:127.17,129.4 1 0
github.com/niuulabs/volundr/cli/internal/cli/sessions.go:131.3,131.53 1 0
github.com/niuulabs/volundr/cli/internal/cli/sessions.go:131.53,133.4 1 0
github.com/niuulabs/volundr/cli/internal/cli/sessions.go:135.3,136.13 2 0
github.com/niuulabs/volundr/cli/internal/cli/sessions.go:144.52,146.17 2 0
github.com/niuulabs/volundr/cli/internal/cli/sessions.go:146.17,148.4 1 0
github.com/niuulabs/volundr/cli/internal/cli/sessions.go:150.3,150.55 1 0
github.com/niuulabs/volundr/cli/internal/cli/sessions.go:150.55,152.4 1 0
github.com/niuulabs/volundr/cli/internal/cli/sessions.go:154.3,155.13 2 0
github.com/niuulabs/volundr/cli/internal/cli/sessions.go:161.42,163.16 2 1
github.com/niuulabs/volundr/cli/internal/cli/sessions.go:163.16,165.3 1 0
github.com/niuulabs/volundr/cli/internal/cli/sessions.go:168.2,168.39 1 1
github.com/niuulabs/volundr/cli/internal/cli/sessions.go:168.39,170.3 1 1
github.com/niuulabs/volundr/cli/internal/cli/sessions.go:172.2,173.16 2 1
github.com/niuulabs/volundr/cli/internal/cli/sessions.go:173.16,175.3 1 1
github.com/niuulabs/volundr/cli/internal/cli/sessions.go:177.2,180.21 3 1
github.com/niuulabs/volundr/cli/internal/cli/sessions.go:180.21,182.3 1 0
github.com/niuulabs/volundr/cli/internal/cli/sessions.go:183.2,183.20 1 1
github.com/niuulabs/volundr/cli/internal/cli/sessions.go:183.20,185.3 1 0
github.com/niuulabs/volundr/cli/internal/cli/sessions.go:187.2,187.63 1 1
github.com/niuulabs/volundr/cli/internal/cli/status.go:18.52,21.16 2 0
github.com/niuulabs/volundr/cli/internal/cli/status.go:21.16,23.3 1 0
github.com/niuulabs/volundr/cli/internal/cli/status.go:25.2,25.16 1 0
github.com/niuulabs/volundr/cli/internal/cli/status.go:25.16,27.3 1 0
github.com/niuulabs/volundr/cli/internal/cli/status.go:29.2,33.38 4 0
github.com/niuulabs/volundr/cli/internal/cli/status.go:33.38,35.18 2 0
github.com/niuulabs/volundr/cli/internal/cli/status.go:35.18,37.4 1 0
github.com/niuulabs/volundr/cli/internal/cli/status.go:38.3,39.19 2 0
github.com/niuulabs/volundr/cli/internal/cli/status.go:39.19,41.4 1 0
github.com/niuulabs/volundr/cli/internal/cli/status.go:42.3,43.46 1 0
github.com/niuulabs/volundr/cli/internal/cli/status.go:46.2,46.12 1 0
github.com/niuulabs/volundr/cli/internal/cli/tui.go:26.49,28.3 1 0
github.com/niuulabs/volundr/cli/internal/cli/tui.go:32.21,34.16 2 0
github.com/niuulabs/volundr/cli/internal/cli/tui.go:34.16,36.3 1 0
github.com/niuulabs/volundr/cli/internal/cli/tui.go:39.2,40.39 2 0
github.com/niuulabs/volundr/cli/internal/cli/tui.go:40.39,43.3 1 0
github.com/niuulabs/volundr/cli/internal/cli/tui.go:43.8,45.3 1 0
github.com/niuulabs/volundr/cli/internal/cli/tui.go:47.2,52.35 5 0
github.com/niuulabs/volundr/cli/internal/cli/tui.go:52.35,55.3 2 0
github.com/niuulabs/volundr/cli/internal/cli/tui.go:57.2,57.12 1 0
github.com/niuulabs/volundr/cli/internal/cli/tui.go:89.102,94.27 4 0
github.com/niuulabs/volundr/cli/internal/cli/tui.go:94.27,96.25 2 0
github.com/niuulabs/volundr/cli/internal/cli/tui.go:96.25,100.4 3 0
github.com/niuulabs/volundr/cli/internal/cli/tui.go:100.9,102.39 1 0
github.com/niuulabs/volundr/cli/internal/cli/tui.go:102.39,104.10 2 0
github.com/niuulabs/volundr/cli/internal/cli/tui.go:109.2,126.3 2 0
github.com/niuulabs/volundr/cli/internal/cli/tui.go:129.34,133.24 3 0
github.com/niuulabs/volundr/cli/internal/cli/tui.go:133.24,135.3 1 0
github.com/niuulabs/volundr/cli/internal/cli/tui.go:137.2,138.23 2 0
github.com/niuulabs/volundr/cli/internal/cli/tui.go:138.23,140.28 2 0
github.com/niuulabs/volundr/cli/internal/cli/tui.go:140.28,144.45 2 0
github.com/niuulabs/volundr/cli/internal/cli/tui.go:144.45,145.20 1 0
github.com/niuulabs/volundr/cli/internal/cli/tui.go:145.20,147.6 1 0
github.com/niuulabs/volundr/cli/internal/cli/tui.go:148.5,149.19 2 0
github.com/niuulabs/volundr/cli/internal/cli/tui.go:149.19,151.6 1 0
github.com/niuulabs/volundr/cli/internal/cli/tui.go:153.4,153.34 1 0
github.com/niuulabs/volundr/cli/internal/cli/tui.go:157.2,164.3 1 0
github.com/niuulabs/volundr/cli/internal/cli/tui.go:168.42,172.16 3 0
github.com/niuulabs/volundr/cli/internal/cli/tui.go:172.16,174.3 1 0
github.com/niuulabs/volundr/cli/internal/cli/tui.go:175.2,176.16 2 0
github.com/niuulabs/volundr/cli/internal/cli/tui.go:176.16,178.28 2 0
github.com/niuulabs/volundr/cli/internal/cli/tui.go:178.28,180.4 1 0
github.com/niuulabs/volundr/cli/internal/cli/tui.go:183.2,183.22 1 0
github.com/niuulabs/volundr/cli/internal/cli/tui.go:186.60,191.14 3 0
github.com/niuulabs/volundr/cli/internal/cli/tui.go:191.14,193.3 1 0
github.com/niuulabs/volundr/cli/internal/cli/tui.go:196.2,196.44 1 0
github.com/niuulabs/volundr/cli/internal/cli/tui.go:196.44,197.25 1 0
github.com/niuulabs/volundr/cli/internal/cli/tui.go:197.25,199.4 1 0
github.com/niuulabs/volundr/cli/internal/cli/tui.go:199.9,201.4 1 0
github.com/niuulabs/volundr/cli/internal/cli/tui.go:202.3,203.16 2 0
github.com/niuulabs/volundr/cli/internal/cli/tui.go:208.2,208.32 1 0
github.com/niuulabs/volundr/cli/internal/cli/tui.go:210.61,212.17 2 0
github.com/niuulabs/volundr/cli/internal/cli/tui.go:212.17,214.4 1 0
github.com/niuulabs/volundr/cli/internal/cli/tui.go:215.3,215.31 1 0
github.com/niuulabs/volundr/cli/internal/cli/tui.go:216.31,218.17 2 0
github.com/niuulabs/volundr/cli/internal/cli/tui.go:218.17,220.4 1 0
github.com/niuulabs/volundr/cli/internal/cli/tui.go:221.3,221.31 1 0
github.com/niuulabs/volundr/cli/internal/cli/tui.go:222.31,224.17 2 0
github.com/niuulabs/volundr/cli/internal/cli/tui.go:224.17,226.4 1 0
github.com/niuulabs/volundr/cli/internal/cli/tui.go:227.3,227.31 1 0
github.com/niuulabs/volundr/cli/internal/cli/tui.go:228.83,230.17 2 0
github.com/niuulabs/volundr/cli/internal/cli/tui.go:230.17,232.4 1 0
github.com/niuulabs/volundr/cli/internal/cli/tui.go:233.3,233.31 1 0
github.com/niuulabs/volundr/cli/internal/cli/tui.go:234.34,236.17 2 0
github.com/niuulabs/volundr/cli/internal/cli/tui.go:236.17,238.4 1 0
github.com/niuulabs/volundr/cli/internal/cli/tui.go:239.3,239.31 1 0
github.com/niuulabs/volundr/cli/internal/cli/tui.go:240.60,242.17 2 0
github.com/niuulabs/volundr/cli/internal/cli/tui.go:242.17,244.4 1 0
github.com/niuulabs/volundr/cli/internal/cli/tui.go:245.3,245.31 1 0
github.com/niuulabs/volundr/cli/internal/cli/tui.go:246.34,248.17 2 0
github.com/niuulabs/volundr/cli/internal/cli/tui.go:248.17,250.4 1 0
github.com/niuulabs/volundr/cli/internal/cli/tui.go:251.3,251.31 1 0
github.com/niuulabs/volundr/cli/internal/cli/tui.go:252.31,254.17 2 0
github.com/niuulabs/volundr/cli/internal/cli/tui.go:254.17,256.4 1 0
github.com/niuulabs/volundr/cli/internal/cli/tui.go:257.3,257.31 1 0
github.com/niuulabs/volundr/cli/internal/cli/tui.go:258.32,260.17 2 0
github.com/niuulabs/volundr/cli/internal/cli/tui.go:260.17,262.4 1 0
github.com/niuulabs/volundr/cli/internal/cli/tui.go:263.3,263.31 1 0
github.com/niuulabs/volundr/cli/internal/cli/tui.go:265.32,266.43 1 0
github.com/niuulabs/volundr/cli/internal/cli/tui.go:270.2,270.52 1 0
github.com/niuulabs/volundr/cli/internal/cli/tui.go:270.52,272.17 2 0
github.com/niuulabs/volundr/cli/internal/cli/tui.go:272.17,274.4 1 0
github.com/niuulabs/volundr/cli/internal/cli/tui.go:275.3,275.31 1 0
github.com/niuulabs/volundr/cli/internal/cli/tui.go:282.2,282.45 1 0
github.com/niuulabs/volundr/cli/internal/cli/tui.go:282.45,283.36 1 0
github.com/niuulabs/volundr/cli/internal/cli/tui.go:283.36,295.71 4 0
github.com/niuulabs/volundr/cli/internal/cli/tui.go:295.71,297.5 1 0
github.com/niuulabs/volundr/cli/internal/cli/tui.go:303.2,303.65 1 0
github.com/niuulabs/volundr/cli/internal/cli/tui.go:303.65,304.41 1 0
github.com/niuulabs/volundr/cli/internal/cli/tui.go:304.41,306.11 2 0
github.com/niuulabs/volundr/cli/internal/cli/tui.go:307.25,307.25 0 0
github.com/niuulabs/volundr/cli/internal/cli/tui.go:309.22,312.19 2 0
github.com/niuulabs/volundr/cli/internal/cli/tui.go:312.19,314.6 1 0
github.com/niuulabs/volundr/cli/internal/cli/tui.go:315.39,315.39 0 0
github.com/niuulabs/volundr/cli/internal/cli/tui.go:317.40,317.40 0 0
github.com/niuulabs/volundr/cli/internal/cli/tui.go:319.12,323.19 2 0
github.com/niuulabs/volundr/cli/internal/cli/tui.go:323.19,325.6 1 0
github.com/niuulabs/volundr/cli/internal/cli/tui.go:326.5,326.33 1 0
github.com/niuulabs/volundr/cli/internal/cli/tui.go:332.2,332.71 1 0
github.com/niuulabs/volundr/cli/internal/cli/tui.go:332.71,333.41 1 0
github.com/niuulabs/volundr/cli/internal/cli/tui.go:333.41,335.11 2 0
github.com/niuulabs/volundr/cli/internal/cli/tui.go:336.25,336.25 0 0
github.com/niuulabs/volundr/cli/internal/cli/tui.go:338.40,338.40 0 0
github.com/niuulabs/volundr/cli/internal/cli/tui.go:340.12,343.19 2 0
github.com/niuulabs/volundr/cli/internal/cli/tui.go:343.19,345.6 1 0
github.com/niuulabs/volundr/cli/internal/cli/tui.go:346.5,346.33 1 0
github.com/niuulabs/volundr/cli/internal/cli/tui.go:352.2,352.69 1 0
github.com/niuulabs/volundr/cli/internal/cli/tui.go:352.69,353.41 1 0
github.com/niuulabs/volundr/cli/internal/cli/tui.go:353.41,355.11 2 0
github.com/niuulabs/volundr/cli/internal/cli/tui.go:356.25,356.25 0 0
github.com/niuulabs/volundr/cli/internal/cli/tui.go:358.40,358.40 0 0
github.com/niuulabs/volundr/cli/internal/cli/tui.go:360.12,363.19 2 0
github.com/niuulabs/volundr/cli/internal/cli/tui.go:363.19,365.6 1 0
github.com/niuulabs/volundr/cli/internal/cli/tui.go:366.5,366.33 1 0
github.com/niuulabs/volundr/cli/internal/cli/tui.go:373.2,373.35 1 0
github.com/niuulabs/volundr/cli/internal/cli/tui.go:373.35,375.3 1 0
github.com/niuulabs/volundr/cli/internal/cli/tui.go:378.2,380.19 3 0
github.com/niuulabs/volundr/cli/internal/cli/tui.go:380.19,382.3 1 0
github.com/niuulabs/volundr/cli/internal/cli/tui.go:385.2,392.42 4 0
github.com/niuulabs/volundr/cli/internal/cli/tui.go:392.42,405.3 11 0
github.com/niuulabs/volundr/cli/internal/cli/tui.go:408.2,408.21 1 0
github.com/niuulabs/volundr/cli/internal/cli/tui.go:408.21,409.27 1 0
github.com/niuulabs/volundr/cli/internal/cli/tui.go:410.28,411.44 1 0
github.com/niuulabs/volundr/cli/internal/cli/tui.go:412.24,413.36 1 0
github.com/niuulabs/volundr/cli/internal/cli/tui.go:414.28,415.44 1 0
github.com/niuulabs/volundr/cli/internal/cli/tui.go:416.25,417.38 1 0
github.com/niuulabs/volundr/cli/internal/cli/tui.go:418.30,419.48 1 0
github.com/niuulabs/volundr/cli/internal/cli/tui.go:420.28,421.44 1 0
github.com/niuulabs/volundr/cli/internal/cli/tui.go:422.25,423.38 1 0
github.com/niuulabs/volundr/cli/internal/cli/tui.go:425.3,425.17 1 0
github.com/niuulabs/volundr/cli/internal/cli/tui.go:425.17,427.4 1 0
github.com/niuulabs/volundr/cli/internal/cli/tui.go:430.2,430.30 1 0
github.com/niuulabs/volundr/cli/internal/cli/tui.go:434.92,447.49 6 0
github.com/niuulabs/volundr/cli/internal/cli/tui.go:447.49,449.3 1 0
github.com/niuulabs/volundr/cli/internal/cli/tui.go:452.2,452.54 1 0
github.com/niuulabs/volundr/cli/internal/cli/tui.go:452.54,454.3 1 0
github.com/niuulabs/volundr/cli/internal/cli/tui.go:457.2,464.30 5 0
github.com/niuulabs/volundr/cli/internal/cli/tui.go:469.42,470.26 1 0
github.com/niuulabs/volundr/cli/internal/cli/tui.go:471.27,472.33 1 0
github.com/niuulabs/volundr/cli/internal/cli/tui.go:473.23,474.30 1 0
github.com/niuulabs/volundr/cli/internal/cli/tui.go:475.27,476.32 1 0
github.com/niuulabs/volundr/cli/internal/cli/tui.go:477.27,478.30 1 0
github.com/niuulabs/volundr/cli/internal/cli/tui.go:479.65,480.15 1 0
github.com/niuulabs/volundr/cli/internal/cli/tui.go:482.2,482.14 1 0
github.com/niuulabs/volundr/cli/internal/cli/tui.go:485.35,488.18 2 0
github.com/niuulabs/volundr/cli/internal/cli/tui.go:488.18,495.3 3 0
github.com/niuulabs/volundr/cli/internal/cli/tui.go:498.2,505.26 4 0
github.com/niuulabs/volundr/cli/internal/cli/tui.go:506.27,507.34 1 0
github.com/niuulabs/volundr/cli/internal/cli/tui.go:508.23,509.30 1 0
github.com/niuulabs/volundr/cli/internal/cli/tui.go:510.27,511.34 1 0
github.com/niuulabs/volundr/cli/internal/cli/tui.go:512.24,513.31 1 0
github.com/niuulabs/volundr/cli/internal/cli/tui.go:514.29,515.36 1 0
github.com/niuulabs/volundr/cli/internal/cli/tui.go:516.27,517.34 1 0
github.com/niuulabs/volundr/cli/internal/cli/tui.go:518.24,519.31 1 0
github.com/niuulabs/volundr/cli/internal/cli/tui.go:523.2,527.20 3 0
github.com/niuulabs/volundr/cli/internal/cli/tui.go:527.20,530.3 2 0
github.com/niuulabs/volundr/cli/internal/cli/tui.go:532.2,533.10 2 0
github.com/niuulabs/volundr/cli/internal/cli/tui.go:537.55,538.16 1 0
github.com/niuulabs/volundr/cli/internal/cli/tui.go:538.16,540.3 1 0
github.com/niuulabs/volundr/cli/internal/cli/tui.go:541.2,541.13 1 0
github.com/niuulabs/volundr/cli/internal/cli/tui.go:547.31,549.42 1 0
github.com/niuulabs/volundr/cli/internal/cli/tui.go:549.42,551.3 1 0
github.com/niuulabs/volundr/cli/internal/cli/tui.go:553.2,554.16 2 0
github.com/niuulabs/volundr/cli/internal/cli/tui.go:554.16,556.3 1 0
github.com/niuulabs/volundr/cli/internal/cli/tui.go:557.2,557.15 1 0
github.com/niuulabs/volundr/cli/internal/cli/tui.go:557.15,557.32 1 0
github.com/niuulabs/volundr/cli/internal/cli/tui.go:559.2,560.54 2 0
github.com/niuulabs/volundr/cli/internal/cli/up.go:25.13,27.2 1 1
github.com/niuulabs/volundr/cli/internal/cli/up.go:29.48,31.16 2 0
github.com/niuulabs/volundr/cli/internal/cli/up.go:31.16,33.3 1 0
github.com/niuulabs/volundr/cli/internal/cli/up.go:35.2,35.23 1 0
github.com/niuulabs/volundr/cli/internal/cli/up.go:35.23,37.3 1 0
github.com/niuulabs/volundr/cli/internal/cli/up.go:39.2,39.39 1 0
github.com/niuulabs/volundr/cli/internal/cli/up.go:39.39,41.3 1 0
github.com/niuulabs/volundr/cli/internal/cli/up.go:44.2,46.77 3 0
github.com/niuulabs/volundr/cli/internal/cli/up.go:46.77,48.3 1 0
github.com/niuulabs/volundr/cli/internal/cli/up.go:50.2,61.40 7 0
github.com/niuulabs/volundr/cli/internal/cli/up.go:61.40,65.3 2 0
github.com/niuulabs/volundr/cli/internal/cli/up.go:67.2,68.27 2 0
github.com/niuulabs/volundr/cli/internal/cli/up.go:68.27,70.3 1 0
github.com/niuulabs/volundr/cli/internal/cli/up.go:71.2,78.37 5 0
github.com/niuulabs/volundr/cli/internal/cli/up.go:78.37,80.3 1 0
github.com/niuulabs/volundr/cli/internal/cli/up.go:82.2,83.12 2 0
github.com/niuulabs/volundr/cli/internal/cli/version.go:23.49,24.17 1 0
github.com/niuulabs/volundr/cli/internal/cli/version.go:24.17,33.4 1 0
github.com/niuulabs/volundr/cli/internal/cli/version.go:35.3,60.13 15 0
github.com/niuulabs/volundr/cli/internal/cli/whoami.go:18.49,20.17 2 0
github.com/niuulabs/volundr/cli/internal/cli/whoami.go:20.17,22.4 1 0
github.com/niuulabs/volundr/cli/internal/cli/whoami.go:24.3,25.17 2 0
github.com/niuulabs/volundr/cli/internal/cli/whoami.go:25.17,27.4 1 0
github.com/niuulabs/volundr/cli/internal/cli/whoami.go:29.3,29.22 1 0
github.com/niuulabs/volundr/cli/internal/cli/whoami.go:29.22,31.4 1 0
github.com/niuulabs/volundr/cli/internal/cli/whoami.go:33.3,33.23 1 0
github.com/niuulabs/volundr/cli/internal/cli/whoami.go:33.23,35.4 1 0
github.com/niuulabs/volundr/cli/internal/cli/whoami.go:37.3,39.17 3 0
github.com/niuulabs/volundr/cli/internal/cli/whoami.go:39.17,41.4 1 0
github.com/niuulabs/volundr/cli/internal/cli/whoami.go:43.3,43.17 1 0
github.com/niuulabs/volundr/cli/internal/cli/whoami.go:43.17,45.4 1 0
github.com/niuulabs/volundr/cli/internal/cli/whoami.go:47.3,48.17 2 0
github.com/niuulabs/volundr/cli/internal/cli/whoami.go:48.17,50.4 1 0
github.com/niuulabs/volundr/cli/internal/cli/whoami.go:51.3,51.17 1 0
github.com/niuulabs/volundr/cli/internal/cli/whoami.go:51.17,53.4 1 0
github.com/niuulabs/volundr/cli/internal/cli/whoami.go:55.3,57.23 3 0
github.com/niuulabs/volundr/cli/internal/cli/whoami.go:57.23,59.4 1 0
github.com/niuulabs/volundr/cli/internal/cli/whoami.go:60.3,62.28 2 0
github.com/niuulabs/volundr/cli/internal/cli/whoami.go:62.28,64.23 2 0
github.com/niuulabs/volundr/cli/internal/cli/whoami.go:64.23,68.5 3 0
github.com/niuulabs/volundr/cli/internal/cli/whoami.go:68.10,70.5 1 0
github.com/niuulabs/volundr/cli/internal/cli/whoami.go:73.3,73.13 1 0
github.com/niuulabs/volundr/cli/internal/cli/whoami.go:78.45,79.11 1 1
github.com/niuulabs/volundr/cli/internal/cli/whoami.go:79.11,81.3 1 1
github.com/niuulabs/volundr/cli/internal/cli/whoami.go:83.2,84.17 2 1
github.com/niuulabs/volundr/cli/internal/cli/whoami.go:84.17,86.3 1 1
github.com/niuulabs/volundr/cli/internal/cli/whoami.go:87.2,87.18 1 1
github.com/niuulabs/volundr/cli/internal/cli/whoami.go:87.18,89.3 1 1
github.com/niuulabs/volundr/cli/internal/cli/whoami.go:91.2,93.15 3 1
github.com/niuulabs/volundr/cli/internal/cli/whoami.go:93.15,95.3 1 1
github.com/niuulabs/volundr/cli/internal/cli/whoami.go:96.2,96.47 1 1
github.com/niuulabs/volundr/cli/internal/tui/app.go:35.35,41.2 1 1
github.com/niuulabs/volundr/cli/internal/tui/app.go:44.29,46.2 1 1
github.com/niuulabs/volundr/cli/internal/tui/app.go:49.49,50.27 1 1
github.com/niuulabs/volundr/cli/internal/tui/app.go:51.25,55.16 4 1
github.com/niuulabs/volundr/cli/internal/tui/app.go:57.18,59.18 1 1
github.com/niuulabs/volundr/cli/internal/tui/app.go:59.18,60.47 1 1
github.com/niuulabs/volundr/cli/internal/tui/app.go:60.47,63.5 2 1
github.com/niuulabs/volundr/cli/internal/tui/app.go:67.3,67.31 1 1
github.com/niuulabs/volundr/cli/internal/tui/app.go:67.31,69.4 1 1
github.com/niuulabs/volundr/cli/internal/tui/app.go:72.3,72.42 1 1
github.com/niuulabs/volundr/cli/internal/tui/app.go:72.42,75.4 2 1
github.com/niuulabs/volundr/cli/internal/tui/app.go:79.3,79.22 1 1
github.com/niuulabs/volundr/cli/internal/tui/app.go:79.22,80.9 1 1
github.com/niuulabs/volundr/cli/internal/tui/app.go:84.3,84.23 1 1
github.com/niuulabs/volundr/cli/internal/tui/app.go:85.12,86.19 1 1
github.com/niuulabs/volundr/cli/internal/tui/app.go:86.19,88.5 1 0
github.com/niuulabs/volundr/cli/internal/tui/app.go:89.4,90.17 2 1
github.com/niuulabs/volundr/cli/internal/tui/app.go:91.12,93.17 2 1
github.com/niuulabs/volundr/cli/internal/tui/app.go:94.12,96.17 2 1
github.com/niuulabs/volundr/cli/internal/tui/app.go:100.3,100.18 1 1
github.com/niuulabs/volundr/cli/internal/tui/app.go:100.18,101.44 1 1
github.com/niuulabs/volundr/cli/internal/tui/app.go:101.44,104.5 2 1
github.com/niuulabs/volundr/cli/internal/tui/app.go:108.2,108.15 1 1
github.com/niuulabs/volundr/cli/internal/tui/app.go:112.28,113.14 1 1
github.com/niuulabs/volundr/cli/internal/tui/app.go:113.14,115.3 1 1
github.com/niuulabs/volundr/cli/internal/tui/app.go:117.2,121.13 1 1
github.com/niuulabs/volundr/cli/internal/tui/app.go:125.33,126.19 1 1
github.com/niuulabs/volundr/cli/internal/tui/app.go:126.19,128.3 1 1
github.com/niuulabs/volundr/cli/internal/tui/app.go:129.2,129.20 1 1
github.com/niuulabs/volundr/cli/internal/tui/app.go:133.34,135.2 1 1
github.com/niuulabs/volundr/cli/internal/tui/keymap.go:54.51,55.22 1 1
github.com/niuulabs/volundr/cli/internal/tui/keymap.go:56.11,57.28 1 1
github.com/niuulabs/volundr/cli/internal/tui/keymap.go:58.11,59.24 1 1
github.com/niuulabs/volundr/cli/internal/tui/keymap.go:60.11,61.28 1 1
github.com/niuulabs/volundr/cli/internal/tui/keymap.go:62.11,63.25 1 1
github.com/niuulabs/volundr/cli/internal/tui/keymap.go:64.11,65.30 1 1
github.com/niuulabs/volundr/cli/internal/tui/keymap.go:66.11,67.28 1 1
github.com/niuulabs/volundr/cli/internal/tui/keymap.go:68.11,69.25 1 1
github.com/niuulabs/volundr/cli/internal/tui/keymap.go:71.2,71.17 1 1
github.com/niuulabs/volundr/cli/internal/tui/keymap.go:77.54,78.22 1 1
github.com/niuulabs/volundr/cli/internal/tui/keymap.go:79.15,80.28 1 1
github.com/niuulabs/volundr/cli/internal/tui/keymap.go:81.15,82.24 1 1
github.com/niuulabs/volundr/cli/internal/tui/keymap.go:83.15,84.28 1 1
github.com/niuulabs/volundr/cli/internal/tui/keymap.go:85.15,86.25 1 1
github.com/niuulabs/volundr/cli/internal/tui/keymap.go:87.15,88.30 1 1
github.com/niuulabs/volundr/cli/internal/tui/keymap.go:89.15,90.28 1 1
github.com/niuulabs/volundr/cli/internal/tui/keymap.go:91.15,92.25 1 1
github.com/niuulabs/volundr/cli/internal/tui/keymap.go:94.2,94.17 1 1
github.com/niuulabs/volundr/cli/internal/tui/pool.go:27.40,28.11 1 1
github.com/niuulabs/volundr/cli/internal/tui/pool.go:29.24,30.21 1 1
github.com/niuulabs/volundr/cli/internal/tui/pool.go:31.26,32.23 1 1
github.com/niuulabs/volundr/cli/internal/tui/pool.go:33.26,34.24 1 1
github.com/niuulabs/volundr/cli/internal/tui/pool.go:35.21,36.19 1 1
github.com/niuulabs/volundr/cli/internal/tui/pool.go:38.2,38.18 1 1
github.com/niuulabs/volundr/cli/internal/tui/pool.go:59.52,65.30 3 1
github.com/niuulabs/volundr/cli/internal/tui/pool.go:65.30,67.3 1 1
github.com/niuulabs/volundr/cli/internal/tui/pool.go:68.2,71.27 3 1
github.com/niuulabs/volundr/cli/internal/tui/pool.go:71.27,73.23 2 1
github.com/niuulabs/volundr/cli/internal/tui/pool.go:73.23,74.12 1 1
github.com/niuulabs/volundr/cli/internal/tui/pool.go:79.3,89.28 3 1
github.com/niuulabs/volundr/cli/internal/tui/pool.go:92.2,92.13 1 1
github.com/niuulabs/volundr/cli/internal/tui/pool.go:97.63,112.2 3 1
github.com/niuulabs/volundr/cli/internal/tui/pool.go:115.45,117.2 1 1
github.com/niuulabs/volundr/cli/internal/tui/pool.go:120.57,122.36 2 1
github.com/niuulabs/volundr/cli/internal/tui/pool.go:122.36,124.39 2 1
github.com/niuulabs/volundr/cli/internal/tui/pool.go:124.39,126.4 1 1
github.com/niuulabs/volundr/cli/internal/tui/pool.go:128.2,128.15 1 1
github.com/niuulabs/volundr/cli/internal/tui/pool.go:132.57,134.2 1 1
github.com/niuulabs/volundr/cli/internal/tui/pool.go:137.39,139.16 2 1
github.com/niuulabs/volundr/cli/internal/tui/pool.go:139.16,141.3 1 1
github.com/niuulabs/volundr/cli/internal/tui/pool.go:143.2,144.34 2 1
github.com/niuulabs/volundr/cli/internal/tui/pool.go:144.34,146.3 1 1
github.com/niuulabs/volundr/cli/internal/tui/pool.go:148.2,150.16 2 1
github.com/niuulabs/volundr/cli/internal/tui/pool.go:150.16,151.35 1 1
github.com/niuulabs/volundr/cli/internal/tui/pool.go:151.35,153.4 1 1
github.com/niuulabs/volundr/cli/internal/tui/pool.go:156.2,157.39 2 1
github.com/niuulabs/volundr/cli/internal/tui/pool.go:157.39,159.3 1 0
github.com/niuulabs/volundr/cli/internal/tui/pool.go:160.2,160.44 1 1
github.com/niuulabs/volundr/cli/internal/tui/pool.go:160.44,162.3 1 0
github.com/niuulabs/volundr/cli/internal/tui/pool.go:163.2,163.44 1 1
github.com/niuulabs/volundr/cli/internal/tui/pool.go:163.44,165.3 1 0
github.com/niuulabs/volundr/cli/internal/tui/pool.go:167.2,167.54 1 1
github.com/niuulabs/volundr/cli/internal/tui/pool.go:183.62,184.34 1 1
github.com/niuulabs/volundr/cli/internal/tui/pool.go:184.34,185.15 1 1
github.com/niuulabs/volundr/cli/internal/tui/pool.go:185.15,187.4 1 1
github.com/niuulabs/volundr/cli/internal/tui/pool.go:189.2,189.31 1 1
github.com/niuulabs/volundr/cli/internal/tui/program.go:18.52,22.2 3 0
github.com/niuulabs/volundr/cli/internal/tui/program.go:26.43,30.14 4 0
github.com/niuulabs/volundr/cli/internal/tui/program.go:30.14,32.3 1 0
github.com/niuulabs/volundr/cli/internal/runtime/docker.go:101.40,103.2 1 1
github.com/niuulabs/volundr/cli/internal/runtime/docker.go:106.77,108.127 1 0
github.com/niuulabs/volundr/cli/internal/runtime/docker.go:108.127,110.3 1 0
github.com/niuulabs/volundr/cli/internal/runtime/docker.go:113.2,113.114 1 0
github.com/niuulabs/volundr/cli/internal/runtime/docker.go:113.114,115.3 1 0
github.com/niuulabs/volundr/cli/internal/runtime/docker.go:118.2,119.46 2 0
github.com/niuulabs/volundr/cli/internal/runtime/docker.go:119.46,121.3 1 0
github.com/niuulabs/volundr/cli/internal/runtime/docker.go:123.2,123.12 1 0
github.com/niuulabs/volundr/cli/internal/runtime/docker.go:127.75,128.42 1 0
github.com/niuulabs/volundr/cli/internal/runtime/docker.go:128.42,130.3 1 0
github.com/niuulabs/volundr/cli/internal/runtime/docker.go:133.2,133.37 1 0
github.com/niuulabs/volundr/cli/internal/runtime/docker.go:133.37,136.41 3 0
github.com/niuulabs/volundr/cli/internal/runtime/docker.go:136.41,139.4 2 0
github.com/niuulabs/volundr/cli/internal/runtime/docker.go:140.3,145.26 4 0
github.com/niuulabs/volundr/cli/internal/runtime/docker.go:145.26,147.18 2 0
github.com/niuulabs/volundr/cli/internal/runtime/docker.go:147.18,150.5 2 0
github.com/niuulabs/volundr/cli/internal/runtime/docker.go:151.4,151.52 1 0
github.com/niuulabs/volundr/cli/internal/runtime/docker.go:152.9,154.4 1 0
github.com/niuulabs/volundr/cli/internal/runtime/docker.go:158.2,160.49 3 0
github.com/niuulabs/volundr/cli/internal/runtime/docker.go:160.49,163.3 2 0
github.com/niuulabs/volundr/cli/internal/runtime/docker.go:164.2,168.55 3 0
github.com/niuulabs/volundr/cli/internal/runtime/docker.go:168.55,171.3 2 0
github.com/niuulabs/volundr/cli/internal/runtime/docker.go:172.2,176.16 3 0
github.com/niuulabs/volundr/cli/internal/runtime/docker.go:176.16,178.3 1 0
github.com/niuulabs/volundr/cli/internal/runtime/docker.go:180.2,184.16 4 0
github.com/niuulabs/volundr/cli/internal/runtime/docker.go:184.16,186.3 1 0
github.com/niuulabs/volundr/cli/internal/runtime/docker.go:188.2,188.81 1 0
github.com/niuulabs/volundr/cli/internal/runtime/docker.go:188.81,190.3 1 0
github.com/niuulabs/volundr/cli/internal/runtime/docker.go:193.2,200.16 3 0
github.com/niuulabs/volundr/cli/internal/runtime/docker.go:200.16,203.3 2 0
github.com/niuulabs/volundr/cli/internal/runtime/docker.go:204.2,210.16 5 0
github.com/niuulabs/volundr/cli/internal/runtime/docker.go:210.16,213.3 2 0
github.com/niuulabs/volundr/cli/internal/runtime/docker.go:214.2,217.12 3 0
github.com/niuulabs/volundr/cli/internal/runtime/docker.go:217.12,218.61 1 0
github.com/niuulabs/volundr/cli/internal/runtime/docker.go:218.61,220.4 1 0
github.com/niuulabs/volundr/cli/internal/runtime/docker.go:222.2,225.39 2 0
github.com/niuulabs/volundr/cli/internal/runtime/docker.go:225.39,227.3 1 0
github.com/niuulabs/volundr/cli/internal/runtime/docker.go:230.2,231.49 2 0
github.com/niuulabs/volundr/cli/internal/runtime/docker.go:231.49,233.3 1 0
github.com/niuulabs/volundr/cli/internal/runtime/docker.go:235.2,235.12 1 0
github.com/niuulabs/volundr/cli/internal/runtime/docker.go:239.57,244.16 3 0
github.com/niuulabs/volundr/cli/internal/runtime/docker.go:244.16,246.3 1 0
github.com/niuulabs/volundr/cli/internal/runtime/docker.go:246.8,248.57 2 0
github.com/niuulabs/volundr/cli/internal/runtime/docker.go:248.57,254.35 1 0
github.com/niuulabs/volundr/cli/internal/runtime/docker.go:254.35,256.5 1 0
github.com/niuulabs/volundr/cli/internal/runtime/docker.go:257.4,257.30 1 0
github.com/niuulabs/volundr/cli/internal/runtime/docker.go:258.9,264.35 1 0
github.com/niuulabs/volundr/cli/internal/runtime/docker.go:264.35,266.5 1 0
github.com/niuulabs/volundr/cli/internal/runtime/docker.go:272.2,273.91 2 0
github.com/niuulabs/volundr/cli/internal/runtime/docker.go:273.91,275.3 1 0
github.com/niuulabs/volundr/cli/internal/runtime/docker.go:276.2,276.111 1 0
github.com/niuulabs/volundr/cli/internal/runtime/docker.go:276.111,278.50 1 0
github.com/niuulabs/volundr/cli/internal/runtime/docker.go:278.50,280.4 1 0
github.com/niuulabs/volundr/cli/internal/runtime/docker.go:284.2,284.17 1 0
github.com/niuulabs/volundr/cli/internal/runtime/docker.go:284.17,285.37 1 0
github.com/niuulabs/volundr/cli/internal/runtime/docker.go:285.37,287.4 1 0
github.com/niuulabs/volundr/cli/internal/runtime/docker.go:291.2,294.19 3 0
github.com/niuulabs/volundr/cli/internal/runtime/docker.go:294.19,296.3 1 0
github.com/niuulabs/volundr/cli/internal/runtime/docker.go:298.2,298.12 1 0
github.com/niuulabs/volundr/cli/internal/runtime/docker.go:302.75,313.16 3 0
github.com/niuulabs/volundr/cli/internal/runtime/docker.go:313.16,318.3 2 0
github.com/niuulabs/volundr/cli/internal/runtime/docker.go:320.2,329.16 5 0
github.com/niuulabs/volundr/cli/internal/runtime/docker.go:329.16,331.3 1 0
github.com/niuulabs/volundr/cli/internal/runtime/docker.go:333.2,335.16 3 0
github.com/niuulabs/volundr/cli/internal/runtime/docker.go:335.16,337.3 1 0
github.com/niuulabs/volundr/cli/internal/runtime/docker.go:339.2,340.61 2 0
github.com/niuulabs/volundr/cli/internal/runtime/docker.go:340.61,342.3 1 0
[...]
github.com/niuulabs/volundr/cli/internal/tui/pages/terminal.go:633.2,633.19 1 1
github.com/niuulabs/volundr/cli/internal/tui/pages/terminal.go:633.19,635.3 1 0
github.com/niuulabs/volundr/cli/internal/tui/pages/terminal.go:636.2,640.51 3 1
github.com/niuulabs/volundr/cli/internal/tui/pages/terminal.go:640.51,642.3 1 0
github.com/niuulabs/volundr/cli/internal/tui/pages/terminal.go:645.2,645.21 1 1
github.com/niuulabs/volundr/cli/internal/tui/pages/terminal.go:645.21,647.3 1 1
github.com/niuulabs/volundr/cli/internal/tui/pages/terminal.go:651.32,652.29 1 1
github.com/niuulabs/volundr/cli/internal/tui/pages/terminal.go:652.29,653.20 1 1
github.com/niuulabs/volundr/cli/internal/tui/pages/terminal.go:653.20,655.4 1 1
github.com/niuulabs/volundr/cli/internal/tui/pages/terminal.go:656.3,656.27 1 1
github.com/niuulabs/volundr/cli/internal/tui/pages/terminal.go:658.2,658.14 1 1
github.com/niuulabs/volundr/cli/internal/tui/pages/terminal.go:662.41,664.2 1 1
github.com/niuulabs/volundr/cli/internal/tui/pages/terminal.go:667.42,671.2 3 1
github.com/niuulabs/volundr/cli/internal/tui/pages/terminal.go:675.45,676.22 1 1
github.com/niuulabs/volundr/cli/internal/tui/pages/terminal.go:676.22,678.3 1 1
github.com/niuulabs/volundr/cli/internal/tui/pages/terminal.go:680.2,682.29 2 1
github.com/niuulabs/volundr/cli/internal/tui/pages/terminal.go:682.29,686.3 3 1
github.com/niuulabs/volundr/cli/internal/tui/pages/terminal.go:689.2,690.68 2 1
github.com/niuulabs/volundr/cli/internal/tui/pages/terminal.go:690.68,692.3 1 0
github.com/niuulabs/volundr/cli/internal/tui/pages/terminal.go:696.51,697.35 1 1
github.com/niuulabs/volundr/cli/internal/tui/pages/terminal.go:697.35,699.3 1 1
github.com/niuulabs/volundr/cli/internal/tui/pages/terminal.go:701.2,704.18 3 1
github.com/niuulabs/volundr/cli/internal/tui/pages/terminal.go:704.18,707.3 2 1
github.com/niuulabs/volundr/cli/internal/tui/pages/terminal.go:709.2,709.11 1 1
github.com/niuulabs/volundr/cli/internal/tui/pages/terminal.go:709.11,711.3 1 1
github.com/niuulabs/volundr/cli/internal/tui/pages/terminal.go:712.2,712.11 1 1
github.com/niuulabs/volundr/cli/internal/tui/pages/terminal.go:712.11,714.3 1 1
github.com/niuulabs/volundr/cli/internal/tui/pages/terminal.go:716.2,716.13 1 1
github.com/niuulabs/volundr/cli/internal/tui/pages/terminal.go:720.37,724.22 2 1
github.com/niuulabs/volundr/cli/internal/tui/pages/terminal.go:724.22,726.3 1 1
github.com/niuulabs/volundr/cli/internal/tui/pages/terminal.go:728.2,731.18 2 1
github.com/niuulabs/volundr/cli/internal/tui/pages/terminal.go:731.18,733.3 1 1
github.com/niuulabs/volundr/cli/internal/tui/pages/terminal.go:736.2,749.18 8 1
github.com/niuulabs/volundr/cli/internal/tui/pages/terminal.go:749.18,752.3 2 1
github.com/niuulabs/volundr/cli/internal/tui/pages/terminal.go:752.8,755.3 2 1
github.com/niuulabs/volundr/cli/internal/tui/pages/terminal.go:756.2,766.5 2 1
github.com/niuulabs/volundr/cli/internal/tui/pages/terminal.go:770.49,778.28 4 1
github.com/niuulabs/volundr/cli/internal/tui/pages/terminal.go:778.28,781.3 2 1
github.com/niuulabs/volundr/cli/internal/tui/pages/terminal.go:781.8,784.3 2 1
github.com/niuulabs/volundr/cli/internal/tui/pages/terminal.go:786.2,804.5 3 1
github.com/niuulabs/volundr/cli/internal/tui/pages/terminal.go:808.65,818.2 5 1
github.com/niuulabs/volundr/cli/internal/tui/pages/terminal.go:821.45,825.29 3 1
github.com/niuulabs/volundr/cli/internal/tui/pages/terminal.go:825.29,831.23 5 1
github.com/niuulabs/volundr/cli/internal/tui/pages/terminal.go:831.23,837.4 1 1
github.com/niuulabs/volundr/cli/internal/tui/pages/terminal.go:837.9,841.4 1 1
github.com/niuulabs/volundr/cli/internal/tui/pages/terminal.go:844.3,849.16 5 1
github.com/niuulabs/volundr/cli/internal/tui/pages/terminal.go:850.28,851.81 1 1
github.com/niuulabs/volundr/cli/internal/tui/pages/terminal.go:852.29,853.79 1 1
github.com/niuulabs/volundr/cli/internal/tui/pages/terminal.go:854.11,855.77 1 1
github.com/niuulabs/volundr/cli/internal/tui/pages/terminal.go:858.3,858.76 1 1
github.com/niuulabs/volundr/cli/internal/tui/pages/terminal.go:861.2,861.45 1 1
github.com/niuulabs/volundr/cli/internal/tui/pages/terminal.go:865.40,873.100 2 1
github.com/niuulabs/volundr/cli/internal/tui/pages/terminal.go:873.100,875.3 1 0
github.com/niuulabs/volundr/cli/internal/tui/pages/terminal.go:878.2,878.13 1 1
github.com/niuulabs/volundr/cli/internal/tui/pages/terminal.go:879.15,880.22 1 1
github.com/niuulabs/volundr/cli/internal/tui/pages/terminal.go:881.13,882.22 1 1
github.com/niuulabs/volundr/cli/internal/tui/pages/terminal.go:883.19,884.22 1 1
github.com/niuulabs/volundr/cli/internal/tui/pages/terminal.go:885.16,886.37 1 1
github.com/niuulabs/volundr/cli/internal/tui/pages/terminal.go:887.23,888.22 1 1
github.com/niuulabs/volundr/cli/internal/tui/pages/terminal.go:889.12,890.32 1 1
github.com/niuulabs/volundr/cli/internal/tui/pages/terminal.go:891.14,892.32 1 1
github.com/niuulabs/volundr/cli/internal/tui/pages/terminal.go:893.15,894.32 1 1
github.com/niuulabs/volundr/cli/internal/tui/pages/terminal.go:895.14,896.32 1 1
github.com/niuulabs/volundr/cli/internal/tui/pages/terminal.go:897.14,898.32 1 1
github.com/niuulabs/volundr/cli/internal/tui/pages/terminal.go:899.13,900.32 1 1
github.com/niuulabs/volundr/cli/internal/tui/pages/terminal.go:901.14,902.37 1 1
github.com/niuulabs/volundr/cli/internal/tui/pages/terminal.go:903.16,904.37 1 1
github.com/niuulabs/volundr/cli/internal/tui/pages/terminal.go:905.16,906.37 1 1
github.com/niuulabs/volundr/cli/internal/tui/pages/terminal.go:907.15,908.21 1 1
github.com/niuulabs/volundr/cli/internal/tui/pages/terminal.go:911.16,912.22 1 1
github.com/niuulabs/volundr/cli/internal/tui/pages/terminal.go:913.16,914.22 1 1
github.com/niuulabs/volundr/cli/internal/tui/pages/terminal.go:915.16,916.22 1 1
github.com/niuulabs/volundr/cli/internal/tui/pages/terminal.go:917.16,918.22 1 1
github.com/niuulabs/volundr/cli/internal/tui/pages/terminal.go:919.16,920.22 1 1
github.com/niuulabs/volundr/cli/internal/tui/pages/terminal.go:921.16,922.22 1 1
github.com/niuulabs/volundr/cli/internal/tui/pages/terminal.go:923.16,924.22 1 1
github.com/niuulabs/volundr/cli/internal/tui/pages/terminal.go:925.16,926.22 1 1
github.com/niuulabs/volundr/cli/internal/tui/pages/terminal.go:927.16,928.22 1 1
github.com/niuulabs/volundr/cli/internal/tui/pages/terminal.go:929.16,930.22 1 1
github.com/niuulabs/volundr/cli/internal/tui/pages/terminal.go:931.16,932.22 1 1
github.com/niuulabs/volundr/cli/internal/tui/pages/terminal.go:933.16,934.22 1 1
github.com/niuulabs/volundr/cli/internal/tui/pages/terminal.go:935.16,936.22 1 1
github.com/niuulabs/volundr/cli/internal/tui/pages/terminal.go:937.16,938.22 1 1
github.com/niuulabs/volundr/cli/internal/tui/pages/terminal.go:939.16,940.22 1 1
github.com/niuulabs/volundr/cli/internal/tui/pages/terminal.go:941.16,942.22 1 1
github.com/niuulabs/volundr/cli/internal/tui/pages/terminal.go:943.16,944.22 1 1
github.com/niuulabs/volundr/cli/internal/tui/pages/terminal.go:945.16,946.22 1 1
github.com/niuulabs/volundr/cli/internal/tui/pages/terminal.go:947.16,948.22 1 1
github.com/niuulabs/volundr/cli/internal/tui/pages/terminal.go:951.12,952.32 1 1
github.com/niuulabs/volundr/cli/internal/tui/pages/terminal.go:953.12,954.32 1 1
github.com/niuulabs/volundr/cli/internal/tui/pages/terminal.go:955.12,956.32 1 1
github.com/niuulabs/volundr/cli/internal/tui/pages/terminal.go:957.12,958.32 1 1
github.com/niuulabs/volundr/cli/internal/tui/pages/terminal.go:959.12,960.42 1 1
github.com/niuulabs/volundr/cli/internal/tui/pages/terminal.go:961.12,962.42 1 1
github.com/niuulabs/volundr/cli/internal/tui/pages/terminal.go:963.12,964.42 1 1
github.com/niuulabs/volundr/cli/internal/tui/pages/terminal.go:965.12,966.42 1 1
github.com/niuulabs/volundr/cli/internal/tui/pages/terminal.go:967.12,968.42 1 1
github.com/niuulabs/volundr/cli/internal/tui/pages/terminal.go:969.13,970.42 1 1
github.com/niuulabs/volundr/cli/internal/tui/pages/terminal.go:971.13,972.42 1 1
github.com/niuulabs/volundr/cli/internal/tui/pages/terminal.go:976.2,976.19 1 1
github.com/niuulabs/volundr/cli/internal/tui/pages/terminal.go:976.19,978.3 1 1
github.com/niuulabs/volundr/cli/internal/tui/pages/terminal.go:981.2,982.21 2 1
github.com/niuulabs/volundr/cli/internal/tui/pages/terminal.go:982.21,984.3 1 0
github.com/niuulabs/volundr/cli/internal/tui/pages/terminal.go:986.2,986.12 1 1
github.com/niuulabs/volundr/cli/internal/auth/oidc.go:64.47,71.2 1 1
github.com/niuulabs/volundr/cli/internal/auth/oidc.go:74.57,75.24 1 1
github.com/niuulabs/volundr/cli/internal/auth/oidc.go:75.24,77.3 1 1
github.com/niuulabs/volundr/cli/internal/auth/oidc.go:79.2,81.16 3 1
github.com/niuulabs/volundr/cli/internal/auth/oidc.go:81.16,83.3 1 0
github.com/niuulabs/volundr/cli/internal/auth/oidc.go:84.2,85.16 2 1
github.com/niuulabs/volundr/cli/internal/auth/oidc.go:85.16,87.3 1 1
github.com/niuulabs/volundr/cli/internal/auth/oidc.go:88.2,88.15 1 1
github.com/niuulabs/volundr/cli/internal/auth/oidc.go:88.15,88.40 1 1
github.com/niuulabs/volundr/cli/internal/auth/oidc.go:90.2,90.38 1 1
github.com/niuulabs/volundr/cli/internal/auth/oidc.go:90.38,93.3 2 1
github.com/niuulabs/volundr/cli/internal/auth/oidc.go:95.2,96.65 2 1
github.com/niuulabs/volundr/cli/internal/auth/oidc.go:96.65,98.3 1 1
github.com/niuulabs/volundr/cli/internal/auth/oidc.go:100.2,101.25 2 1
github.com/niuulabs/volundr/cli/internal/auth/oidc.go:110.146,112.16 2 1
github.com/niuulabs/volundr/cli/internal/auth/oidc.go:112.16,114.3 1 1
github.com/niuulabs/volundr/cli/internal/auth/oidc.go:116.2,117.16 2 1
github.com/niuulabs/volundr/cli/internal/auth/oidc.go:117.16,119.3 1 0
github.com/niuulabs/volundr/cli/internal/auth/oidc.go:120.2,125.16 4 1
github.com/niuulabs/volundr/cli/internal/auth/oidc.go:125.16,127.3 1 0
github.com/niuulabs/volundr/cli/internal/auth/oidc.go:128.2,133.16 4 1
github.com/niuulabs/volundr/cli/internal/auth/oidc.go:133.16,136.3 2 0
github.com/niuulabs/volundr/cli/internal/auth/oidc.go:138.2,155.75 12 1
github.com/niuulabs/volundr/cli/internal/auth/oidc.go:155.75,156.57 1 1
github.com/niuulabs/volundr/cli/internal/auth/oidc.go:156.57,161.4 4 1
github.com/niuulabs/volundr/cli/internal/auth/oidc.go:163.3,164.17 2 1
github.com/niuulabs/volundr/cli/internal/auth/oidc.go:164.17,168.4 3 1
github.com/niuulabs/volundr/cli/internal/auth/oidc.go:170.3,171.41 2 1
github.com/niuulabs/volundr/cli/internal/auth/oidc.go:174.2,175.12 2 1
github.com/niuulabs/volundr/cli/internal/auth/oidc.go:175.12,175.42 1 1
github.com/niuulabs/volundr/cli/internal/auth/oidc.go:178.2,178.54 1 1
github.com/niuulabs/volundr/cli/internal/auth/oidc.go:178.54,181.3 2 1
github.com/niuulabs/volundr/cli/internal/auth/oidc.go:184.2,185.9 2 1
github.com/niuulabs/volundr/cli/internal/auth/oidc.go:186.27,186.27 0 1
github.com/niuulabs/volundr/cli/internal/auth/oidc.go:187.20,189.28 2 1
github.com/niuulabs/volundr/cli/internal/auth/oidc.go:192.2,194.23 2 1
github.com/niuulabs/volundr/cli/internal/auth/oidc.go:194.23,196.3 1 1
github.com/niuulabs/volundr/cli/internal/auth/oidc.go:199.2,200.16 2 1
github.com/niuulabs/volundr/cli/internal/auth/oidc.go:200.16,202.3 1 0
github.com/niuulabs/volundr/cli/internal/auth/oidc.go:204.2,204.32 1 1
github.com/niuulabs/volundr/cli/internal/auth/oidc.go:208.105,210.16 2 1
github.com/niuulabs/volundr/cli/internal/auth/oidc.go:210.16,212.3 1 0
github.com/niuulabs/volundr/cli/internal/auth/oidc.go:214.2,222.46 2 1
github.com/niuulabs/volundr/cli/internal/auth/oidc.go:228.137,230.16 2 1
github.com/niuulabs/volundr/cli/internal/auth/oidc.go:230.16,232.3 1 1
github.com/niuulabs/volundr/cli/internal/auth/oidc.go:234.2,234.35 1 1
github.com/niuulabs/volundr/cli/internal/auth/oidc.go:234.35,236.3 1 1
github.com/niuulabs/volundr/cli/internal/auth/oidc.go:239.2,245.16 3 1
github.com/niuulabs/volundr/cli/internal/auth/oidc.go:245.16,247.3 1 0
github.com/niuulabs/volundr/cli/internal/auth/oidc.go:248.2,250.16 3 1
github.com/niuulabs/volundr/cli/internal/auth/oidc.go:250.16,252.3 1 0
github.com/niuulabs/volundr/cli/internal/auth/oidc.go:253.2,253.15 1 1
github.com/niuulabs/volundr/cli/internal/auth/oidc.go:253.15,253.40 1 1
github.com/niuulabs/volundr/cli/internal/auth/oidc.go:255.2,255.38 1 1
github.com/niuulabs/volundr/cli/internal/auth/oidc.go:255.38,258.3 2 1
github.com/niuulabs/volundr/cli/internal/auth/oidc.go:260.2,261.71 2 1
github.com/niuulabs/volundr/cli/internal/auth/oidc.go:261.71,263.3 1 0
github.com/niuulabs/volundr/cli/internal/auth/oidc.go:265.2,269.19 3 1
github.com/niuulabs/volundr/cli/internal/auth/oidc.go:269.19,271.3 1 0
github.com/niuulabs/volundr/cli/internal/auth/oidc.go:273.2,275.6 2 1
github.com/niuulabs/volundr/cli/internal/auth/oidc.go:275.6,276.33 1 1
github.com/niuulabs/volundr/cli/internal/auth/oidc.go:276.33,278.4 1 0
github.com/niuulabs/volundr/cli/internal/auth/oidc.go:280.3,280.10 1 1
github.com/niuulabs/volundr/cli/internal/auth/oidc.go:281.21,282.25 1 1
github.com/niuulabs/volundr/cli/internal/auth/oidc.go:283.31,283.31 0 1
github.com/niuulabs/volundr/cli/internal/auth/oidc.go:286.3,293.17 3 1
github.com/niuulabs/volundr/cli/internal/auth/oidc.go:293.17,297.57 2 1
github.com/niuulabs/volundr/cli/internal/auth/oidc.go:297.57,298.13 1 1
github.com/niuulabs/volundr/cli/internal/auth/oidc.go:300.4,300.45 1 1
github.com/niuulabs/volundr/cli/internal/auth/oidc.go:300.45,302.13 2 1
github.com/niuulabs/volundr/cli/internal/auth/oidc.go:304.4,304.19 1 1
github.com/niuulabs/volundr/cli/internal/auth/oidc.go:307.3,307.20 1 1
github.com/niuulabs/volundr/cli/internal/auth/oidc.go:312.90,314.16 2 1
github.com/niuulabs/volundr/cli/internal/auth/oidc.go:314.16,316.3 1 1
github.com/niuulabs/volundr/cli/internal/auth/oidc.go:318.2,324.46 2 1
github.com/niuulabs/volundr/cli/internal/auth/oidc.go:328.78,330.16 2 1
github.com/niuulabs/volundr/cli/internal/auth/oidc.go:330.16,332.3 1 1
github.com/niuulabs/volundr/cli/internal/auth/oidc.go:334.2,335.16 2 1
github.com/niuulabs/volundr/cli/internal/auth/oidc.go:335.16,337.3 1 0
github.com/niuulabs/volundr/cli/internal/auth/oidc.go:338.2,341.16 3 1
github.com/niuulabs/volundr/cli/internal/auth/oidc.go:341.16,343.3 1 0
github.com/niuulabs/volundr/cli/internal/auth/oidc.go:344.2,344.15 1 1
github.com/niuulabs/volundr/cli/internal/auth/oidc.go:344.15,344.40 1 1
github.com/niuulabs/volundr/cli/internal/auth/oidc.go:346.2,346.38 1 1
github.com/niuulabs/volundr/cli/internal/auth/oidc.go:346.38,349.3 2 1
github.com/niuulabs/volundr/cli/internal/auth/oidc.go:351.2,352.65 2 1
github.com/niuulabs/volundr/cli/internal/auth/oidc.go:352.65,354.3 1 1
github.com/niuulabs/volundr/cli/internal/auth/oidc.go:356.2,356.19 1 1
github.com/niuulabs/volundr/cli/internal/auth/oidc.go:360.90,362.16 2 1
github.com/niuulabs/volundr/cli/internal/auth/oidc.go:362.16,364.3 1 0
github.com/niuulabs/volundr/cli/internal/auth/oidc.go:365.2,367.16 3 1
github.com/niuulabs/volundr/cli/internal/auth/oidc.go:367.16,369.3 1 1
github.com/niuulabs/volundr/cli/internal/auth/oidc.go:370.2,370.15 1 1
github.com/niuulabs/volundr/cli/internal/auth/oidc.go:370.15,370.40 1 1
github.com/niuulabs/volundr/cli/internal/auth/oidc.go:372.2,373.16 2 1
github.com/niuulabs/volundr/cli/internal/auth/oidc.go:373.16,375.3 1 0
github.com/niuulabs/volundr/cli/internal/auth/oidc.go:377.2,377.38 1 1
github.com/niuulabs/volundr/cli/internal/auth/oidc.go:377.38,379.3 1 1
github.com/niuulabs/volundr/cli/internal/auth/oidc.go:381.2,382.53 2 1
github.com/niuulabs/volundr/cli/internal/auth/oidc.go:382.53,384.3 1 1
github.com/niuulabs/volundr/cli/internal/auth/oidc.go:386.2,386.20 1 1
github.com/niuulabs/volundr/cli/internal/auth/pkce.go:12.45,14.42 2 1
github.com/niuulabs/volundr/cli/internal/auth/pkce.go:14.42,16.3 1 0
github.com/niuulabs/volundr/cli/internal/auth/pkce.go:17.2,17.55 1 1
github.com/niuulabs/volundr/cli/internal/auth/pkce.go:21.44,24.2 2 1
github.com/niuulabs/volundr/cli/internal/postgres/embedded.go:26.48,30.2 1 1
github.com/niuulabs/volundr/cli/internal/postgres/embedded.go:33.59,35.52 2 1
github.com/niuulabs/volundr/cli/internal/postgres/embedded.go:35.52,37.3 1 1
github.com/niuulabs/volundr/cli/internal/postgres/embedded.go:40.2,41.16 2 1
github.com/niuulabs/volundr/cli/internal/postgres/embedded.go:41.16,43.3 1 0
github.com/niuulabs/volundr/cli/internal/postgres/embedded.go:44.2,49.55 3 1
github.com/niuulabs/volundr/cli/internal/postgres/embedded.go:49.55,51.3 1 1
github.com/niuulabs/volundr/cli/internal/postgres/embedded.go:53.2,64.37 2 1
github.com/niuulabs/volundr/cli/internal/postgres/embedded.go:64.37,66.3 1 0
github.com/niuulabs/volundr/cli/internal/postgres/embedded.go:68.2,68.12 1 1
github.com/niuulabs/volundr/cli/internal/postgres/embedded.go:72.41,73.17 1 1
github.com/niuulabs/volundr/cli/internal/postgres/embedded.go:73.17,75.3 1 1
github.com/niuulabs/volundr/cli/internal/postgres/embedded.go:76.2,76.36 1 1
github.com/niuulabs/volundr/cli/internal/postgres/embedded.go:76.36,78.3 1 0
github.com/niuulabs/volundr/cli/internal/postgres/embedded.go:79.2,79.12 1 1
github.com/niuulabs/volundr/cli/internal/postgres/embedded.go:83.110,86.16 3 1
github.com/niuulabs/volundr/cli/internal/postgres/embedded.go:86.16,88.3 1 0
github.com/niuulabs/volundr/cli/internal/postgres/embedded.go:89.2,89.15 1 1
github.com/niuulabs/volundr/cli/internal/postgres/embedded.go:89.15,90.52 1 1
github.com/niuulabs/volundr/cli/internal/postgres/embedded.go:90.52,92.4 1 0
github.com/niuulabs/volundr/cli/internal/postgres/embedded.go:95.2,95.52 1 1
github.com/niuulabs/volundr/cli/internal/postgres/embedded.go:99.94,100.44 1 1
github.com/niuulabs/volundr/cli/internal/postgres/embedded.go:100.44,102.3 1 1
github.com/niuulabs/volundr/cli/internal/postgres/embedded.go:105.2,111.16 2 1
github.com/niuulabs/volundr/cli/internal/postgres/embedded.go:111.16,113.3 1 1
github.com/niuulabs/volundr/cli/internal/postgres/embedded.go:116.2,117.16 2 1
github.com/niuulabs/volundr/cli/internal/postgres/embedded.go:117.16,119.3 1 1
github.com/niuulabs/volundr/cli/internal/postgres/embedded.go:121.2,122.26 2 1
github.com/niuulabs/volundr/cli/internal/postgres/embedded.go:122.26,131.17 4 1
github.com/niuulabs/volundr/cli/internal/postgres/embedded.go:131.17,133.4 1 1
github.com/niuulabs/volundr/cli/internal/postgres/embedded.go:134.3,134.13 1 1
github.com/niuulabs/volundr/cli/internal/postgres/embedded.go:134.13,135.12 1 1
github.com/niuulabs/volundr/cli/internal/postgres/embedded.go:139.3,140.17 2 1
github.com/niuulabs/volundr/cli/internal/postgres/embedded.go:140.17,142.4 1 1
github.com/niuulabs/volundr/cli/internal/postgres/embedded.go:144.3,145.17 2 1
github.com/niuulabs/volundr/cli/internal/postgres/embedded.go:145.17,147.4 1 1
github.com/niuulabs/volundr/cli/internal/postgres/embedded.go:149.3,149.66 1 1
github.com/niuulabs/volundr/cli/internal/postgres/embedded.go:149.66,152.4 2 1
github.com/niuulabs/volundr/cli/internal/postgres/embedded.go:154.3,157.17 1 1
github.com/niuulabs/volundr/cli/internal/postgres/embedded.go:157.17,160.4 2 1
github.com/niuulabs/volundr/cli/internal/postgres/embedded.go:162.3,162.37 1 1
github.com/niuulabs/volundr/cli/internal/postgres/embedded.go:162.37,164.4 1 1
github.com/niuulabs/volundr/cli/internal/postgres/embedded.go:166.3,166.12 1 1
github.com/niuulabs/volundr/cli/internal/postgres/embedded.go:169.2,169.21 1 1
github.com/niuulabs/volundr/cli/internal/postgres/embedded.go:173.55,175.16 2 1
github.com/niuulabs/volundr/cli/internal/postgres/embedded.go:175.16,177.3 1 1
github.com/niuulabs/volundr/cli/internal/postgres/embedded.go:179.2,180.32 2 1
github.com/niuulabs/volundr/cli/internal/postgres/embedded.go:180.32,181.20 1 1
github.com/niuulabs/volundr/cli/internal/postgres/embedded.go:181.20,182.12 1 1
github.com/niuulabs/volundr/cli/internal/postgres/embedded.go:184.3,184.49 1 1
github.com/niuulabs/volundr/cli/internal/postgres/embedded.go:184.49,186.4 1 1
github.com/niuulabs/volundr/cli/internal/postgres/embedded.go:189.2,190.19 2 1
github.com/niuulabs/volundr/cli/internal/postgres/embedded.go:195.45,197.2 1 1
